{"/home/uli/Projects/wordfall/landing/src/App.jsx": {"path":"/home/uli/Projects/wordfall/landing/src/App.jsx","all":false,"statementMap":{"0":{"start":{"line":1,"column":0},"end":{"line":1,"column":72}},"1":{"start":{"line":2,"column":0},"end":{"line":2,"column":53}},"2":{"start":{"line":3,"column":0},"end":{"line":3,"column":55}},"3":{"start":{"line":4,"column":0},"end":{"line":4,"column":61}},"4":{"start":{"line":5,"column":0},"end":{"line":5,"column":57}},"5":{"start":{"line":6,"column":0},"end":{"line":6,"column":60}},"6":{"start":{"line":7,"column":0},"end":{"line":7,"column":47}},"7":{"start":{"line":8,"column":0},"end":{"line":8,"column":53}},"8":{"start":{"line":9,"column":0},"end":{"line":9,"column":54}},"9":{"start":{"line":10,"column":0},"end":{"line":10,"column":56}},"10":{"start":{"line":11,"column":0},"end":{"line":11,"column":62}},"11":{"start":{"line":12,"column":0},"end":{"line":12,"column":56}},"12":{"start":{"line":13,"column":0},"end":{"line":13,"column":65}},"13":{"start":{"line":14,"column":0},"end":{"line":14,"column":75}},"14":{"start":{"line":15,"column":0},"end":{"line":15,"column":9}},"15":{"start":{"line":16,"column":0},"end":{"line":16,"column":19}},"16":{"start":{"line":17,"column":0},"end":{"line":17,"column":24}},"17":{"start":{"line":18,"column":0},"end":{"line":18,"column":18}},"18":{"start":{"line":19,"column":0},"end":{"line":19,"column":19}},"19":{"start":{"line":20,"column":0},"end":{"line":20,"column":33}},"20":{"start":{"line":21,"column":0},"end":{"line":21,"column":19}},"21":{"start":{"line":22,"column":0},"end":{"line":22,"column":0}},"22":{"start":{"line":23,"column":0},"end":{"line":23,"column":29}},"23":{"start":{"line":24,"column":0},"end":{"line":24,"column":91}},"24":{"start":{"line":25,"column":0},"end":{"line":25,"column":75}},"25":{"start":{"line":26,"column":0},"end":{"line":26,"column":56}},"26":{"start":{"line":27,"column":0},"end":{"line":27,"column":0}},"27":{"start":{"line":28,"column":0},"end":{"line":28,"column":57}},"28":{"start":{"line":29,"column":0},"end":{"line":29,"column":18}},"29":{"start":{"line":30,"column":0},"end":{"line":30,"column":18}},"30":{"start":{"line":31,"column":0},"end":{"line":31,"column":19}},"31":{"start":{"line":32,"column":0},"end":{"line":32,"column":2}},"32":{"start":{"line":33,"column":0},"end":{"line":33,"column":0}},"33":{"start":{"line":34,"column":0},"end":{"line":34,"column":16}},"34":{"start":{"line":35,"column":0},"end":{"line":35,"column":45}},"35":{"start":{"line":36,"column":0},"end":{"line":36,"column":61}},"36":{"start":{"line":37,"column":0},"end":{"line":37,"column":24}},"37":{"start":{"line":38,"column":0},"end":{"line":38,"column":20}},"38":{"start":{"line":39,"column":0},"end":{"line":39,"column":16}},"39":{"start":{"line":40,"column":0},"end":{"line":40,"column":25}},"40":{"start":{"line":41,"column":0},"end":{"line":41,"column":22}},"41":{"start":{"line":42,"column":0},"end":{"line":42,"column":26}},"42":{"start":{"line":43,"column":0},"end":{"line":43,"column":6}},"43":{"start":{"line":44,"column":0},"end":{"line":44,"column":0}},"44":{"start":{"line":45,"column":0},"end":{"line":45,"column":70}},"45":{"start":{"line":46,"column":0},"end":{"line":46,"column":49}},"46":{"start":{"line":47,"column":0},"end":{"line":47,"column":57}},"47":{"start":{"line":48,"column":0},"end":{"line":48,"column":71}},"48":{"start":{"line":49,"column":0},"end":{"line":49,"column":76}},"49":{"start":{"line":50,"column":0},"end":{"line":50,"column":4}},"50":{"start":{"line":51,"column":0},"end":{"line":51,"column":0}},"51":{"start":{"line":52,"column":0},"end":{"line":52,"column":34}},"52":{"start":{"line":53,"column":0},"end":{"line":53,"column":62}},"53":{"start":{"line":54,"column":0},"end":{"line":54,"column":60}},"54":{"start":{"line":55,"column":0},"end":{"line":55,"column":39}},"55":{"start":{"line":56,"column":0},"end":{"line":56,"column":37}},"56":{"start":{"line":57,"column":0},"end":{"line":57,"column":47}},"57":{"start":{"line":58,"column":0},"end":{"line":58,"column":65}},"58":{"start":{"line":59,"column":0},"end":{"line":59,"column":38}},"59":{"start":{"line":60,"column":0},"end":{"line":60,"column":0}},"60":{"start":{"line":61,"column":0},"end":{"line":61,"column":92}},"61":{"start":{"line":62,"column":0},"end":{"line":62,"column":60}},"62":{"start":{"line":63,"column":0},"end":{"line":63,"column":87}},"63":{"start":{"line":64,"column":0},"end":{"line":64,"column":58}},"64":{"start":{"line":65,"column":0},"end":{"line":65,"column":38}},"65":{"start":{"line":66,"column":0},"end":{"line":66,"column":5}},"66":{"start":{"line":67,"column":0},"end":{"line":67,"column":97}},"67":{"start":{"line":68,"column":0},"end":{"line":68,"column":93}},"68":{"start":{"line":69,"column":0},"end":{"line":69,"column":55}},"69":{"start":{"line":70,"column":0},"end":{"line":70,"column":34}},"70":{"start":{"line":71,"column":0},"end":{"line":71,"column":13}},"71":{"start":{"line":72,"column":0},"end":{"line":72,"column":5}},"72":{"start":{"line":73,"column":0},"end":{"line":73,"column":29}},"73":{"start":{"line":74,"column":0},"end":{"line":74,"column":9}},"74":{"start":{"line":75,"column":0},"end":{"line":75,"column":0}},"75":{"start":{"line":76,"column":0},"end":{"line":76,"column":52}},"76":{"start":{"line":77,"column":0},"end":{"line":77,"column":49}},"77":{"start":{"line":78,"column":0},"end":{"line":78,"column":9}},"78":{"start":{"line":79,"column":0},"end":{"line":79,"column":64}},"79":{"start":{"line":80,"column":0},"end":{"line":80,"column":56}},"80":{"start":{"line":81,"column":0},"end":{"line":81,"column":21}},"81":{"start":{"line":82,"column":0},"end":{"line":82,"column":45}},"82":{"start":{"line":83,"column":0},"end":{"line":83,"column":56}},"83":{"start":{"line":84,"column":0},"end":{"line":84,"column":5}},"84":{"start":{"line":85,"column":0},"end":{"line":85,"column":9}},"85":{"start":{"line":86,"column":0},"end":{"line":86,"column":0}},"86":{"start":{"line":87,"column":0},"end":{"line":87,"column":49}},"87":{"start":{"line":88,"column":0},"end":{"line":88,"column":97}},"88":{"start":{"line":89,"column":0},"end":{"line":89,"column":0}},"89":{"start":{"line":90,"column":0},"end":{"line":90,"column":9}},"90":{"start":{"line":91,"column":0},"end":{"line":91,"column":67}},"91":{"start":{"line":92,"column":0},"end":{"line":92,"column":68}},"92":{"start":{"line":93,"column":0},"end":{"line":93,"column":9}},"93":{"start":{"line":94,"column":0},"end":{"line":94,"column":0}},"94":{"start":{"line":95,"column":0},"end":{"line":95,"column":58}},"95":{"start":{"line":96,"column":0},"end":{"line":96,"column":0}},"96":{"start":{"line":97,"column":0},"end":{"line":97,"column":32}},"97":{"start":{"line":98,"column":0},"end":{"line":98,"column":39}},"98":{"start":{"line":99,"column":0},"end":{"line":99,"column":35}},"99":{"start":{"line":100,"column":0},"end":{"line":100,"column":8}},"100":{"start":{"line":101,"column":0},"end":{"line":101,"column":0}},"101":{"start":{"line":102,"column":0},"end":{"line":102,"column":73}},"102":{"start":{"line":103,"column":0},"end":{"line":103,"column":59}},"103":{"start":{"line":104,"column":0},"end":{"line":104,"column":0}},"104":{"start":{"line":105,"column":0},"end":{"line":105,"column":63}},"105":{"start":{"line":106,"column":0},"end":{"line":106,"column":56}},"106":{"start":{"line":107,"column":0},"end":{"line":107,"column":35}},"107":{"start":{"line":108,"column":0},"end":{"line":108,"column":7}},"108":{"start":{"line":109,"column":0},"end":{"line":109,"column":21}},"109":{"start":{"line":110,"column":0},"end":{"line":110,"column":48}},"110":{"start":{"line":111,"column":0},"end":{"line":111,"column":49}},"111":{"start":{"line":112,"column":0},"end":{"line":112,"column":35}},"112":{"start":{"line":113,"column":0},"end":{"line":113,"column":25}},"113":{"start":{"line":114,"column":0},"end":{"line":114,"column":16}},"114":{"start":{"line":115,"column":0},"end":{"line":115,"column":32}},"115":{"start":{"line":116,"column":0},"end":{"line":116,"column":35}},"116":{"start":{"line":117,"column":0},"end":{"line":117,"column":10}},"117":{"start":{"line":118,"column":0},"end":{"line":118,"column":5}},"118":{"start":{"line":119,"column":0},"end":{"line":119,"column":9}},"119":{"start":{"line":120,"column":0},"end":{"line":120,"column":0}},"120":{"start":{"line":121,"column":0},"end":{"line":121,"column":19}},"121":{"start":{"line":122,"column":0},"end":{"line":122,"column":20}},"122":{"start":{"line":123,"column":0},"end":{"line":123,"column":0}},"123":{"start":{"line":124,"column":0},"end":{"line":124,"column":32}},"124":{"start":{"line":125,"column":0},"end":{"line":125,"column":63}},"125":{"start":{"line":126,"column":0},"end":{"line":126,"column":26}},"126":{"start":{"line":127,"column":0},"end":{"line":127,"column":43}},"127":{"start":{"line":128,"column":0},"end":{"line":128,"column":55}},"128":{"start":{"line":129,"column":0},"end":{"line":129,"column":24}},"129":{"start":{"line":130,"column":0},"end":{"line":130,"column":7}},"130":{"start":{"line":131,"column":0},"end":{"line":131,"column":7}},"131":{"start":{"line":132,"column":0},"end":{"line":132,"column":0}},"132":{"start":{"line":133,"column":0},"end":{"line":133,"column":35}},"133":{"start":{"line":134,"column":0},"end":{"line":134,"column":34}},"134":{"start":{"line":135,"column":0},"end":{"line":135,"column":37}},"135":{"start":{"line":136,"column":0},"end":{"line":136,"column":37}},"136":{"start":{"line":137,"column":0},"end":{"line":137,"column":7}},"137":{"start":{"line":138,"column":0},"end":{"line":138,"column":31}},"138":{"start":{"line":139,"column":0},"end":{"line":139,"column":50}},"139":{"start":{"line":140,"column":0},"end":{"line":140,"column":7}},"140":{"start":{"line":141,"column":0},"end":{"line":141,"column":47}},"141":{"start":{"line":142,"column":0},"end":{"line":142,"column":60}},"142":{"start":{"line":143,"column":0},"end":{"line":143,"column":6}},"143":{"start":{"line":144,"column":0},"end":{"line":144,"column":0}},"144":{"start":{"line":145,"column":0},"end":{"line":145,"column":19}},"145":{"start":{"line":146,"column":0},"end":{"line":146,"column":35}},"146":{"start":{"line":147,"column":0},"end":{"line":147,"column":35}},"147":{"start":{"line":148,"column":0},"end":{"line":148,"column":41}},"148":{"start":{"line":149,"column":0},"end":{"line":149,"column":7}},"149":{"start":{"line":150,"column":0},"end":{"line":150,"column":6}},"150":{"start":{"line":151,"column":0},"end":{"line":151,"column":59}},"151":{"start":{"line":152,"column":0},"end":{"line":152,"column":0}},"152":{"start":{"line":153,"column":0},"end":{"line":153,"column":36}},"153":{"start":{"line":154,"column":0},"end":{"line":154,"column":45}},"154":{"start":{"line":155,"column":0},"end":{"line":155,"column":13}},"155":{"start":{"line":156,"column":0},"end":{"line":156,"column":5}},"156":{"start":{"line":157,"column":0},"end":{"line":157,"column":42}},"157":{"start":{"line":158,"column":0},"end":{"line":158,"column":64}},"158":{"start":{"line":159,"column":0},"end":{"line":159,"column":48}},"159":{"start":{"line":160,"column":0},"end":{"line":160,"column":22}},"160":{"start":{"line":161,"column":0},"end":{"line":161,"column":13}},"161":{"start":{"line":162,"column":0},"end":{"line":162,"column":5}},"162":{"start":{"line":163,"column":0},"end":{"line":163,"column":54}},"163":{"start":{"line":164,"column":0},"end":{"line":164,"column":37}},"164":{"start":{"line":165,"column":0},"end":{"line":165,"column":3}},"165":{"start":{"line":166,"column":0},"end":{"line":166,"column":0}},"166":{"start":{"line":167,"column":0},"end":{"line":167,"column":38}},"167":{"start":{"line":168,"column":0},"end":{"line":168,"column":33}},"168":{"start":{"line":169,"column":0},"end":{"line":169,"column":33}},"169":{"start":{"line":170,"column":0},"end":{"line":170,"column":3}},"170":{"start":{"line":171,"column":0},"end":{"line":171,"column":0}},"171":{"start":{"line":172,"column":0},"end":{"line":172,"column":37}},"172":{"start":{"line":173,"column":0},"end":{"line":173,"column":33}},"173":{"start":{"line":174,"column":0},"end":{"line":174,"column":63}},"174":{"start":{"line":175,"column":0},"end":{"line":175,"column":29}},"175":{"start":{"line":176,"column":0},"end":{"line":176,"column":3}},"176":{"start":{"line":177,"column":0},"end":{"line":177,"column":0}},"177":{"start":{"line":178,"column":0},"end":{"line":178,"column":0}},"178":{"start":{"line":179,"column":0},"end":{"line":179,"column":42}},"179":{"start":{"line":180,"column":0},"end":{"line":180,"column":44}},"180":{"start":{"line":181,"column":0},"end":{"line":181,"column":56}},"181":{"start":{"line":182,"column":0},"end":{"line":182,"column":20}},"182":{"start":{"line":183,"column":0},"end":{"line":183,"column":90}},"183":{"start":{"line":184,"column":0},"end":{"line":184,"column":13}},"184":{"start":{"line":185,"column":0},"end":{"line":185,"column":5}},"185":{"start":{"line":186,"column":0},"end":{"line":186,"column":0}},"186":{"start":{"line":187,"column":0},"end":{"line":187,"column":70}},"187":{"start":{"line":188,"column":0},"end":{"line":188,"column":0}},"188":{"start":{"line":189,"column":0},"end":{"line":189,"column":100}},"189":{"start":{"line":190,"column":0},"end":{"line":190,"column":81}},"190":{"start":{"line":191,"column":0},"end":{"line":191,"column":0}},"191":{"start":{"line":192,"column":0},"end":{"line":192,"column":9}},"192":{"start":{"line":193,"column":0},"end":{"line":193,"column":100}},"193":{"start":{"line":194,"column":0},"end":{"line":194,"column":61}},"194":{"start":{"line":195,"column":0},"end":{"line":195,"column":0}},"195":{"start":{"line":196,"column":0},"end":{"line":196,"column":76}},"196":{"start":{"line":197,"column":0},"end":{"line":197,"column":6}},"197":{"start":{"line":198,"column":0},"end":{"line":198,"column":49}},"198":{"start":{"line":199,"column":0},"end":{"line":199,"column":63}},"199":{"start":{"line":200,"column":0},"end":{"line":200,"column":64}},"200":{"start":{"line":201,"column":0},"end":{"line":201,"column":23}},"201":{"start":{"line":202,"column":0},"end":{"line":202,"column":21}},"202":{"start":{"line":203,"column":0},"end":{"line":203,"column":64}},"203":{"start":{"line":204,"column":0},"end":{"line":204,"column":9}},"204":{"start":{"line":205,"column":0},"end":{"line":205,"column":0}},"205":{"start":{"line":206,"column":0},"end":{"line":206,"column":47}},"206":{"start":{"line":207,"column":0},"end":{"line":207,"column":0}},"207":{"start":{"line":208,"column":0},"end":{"line":208,"column":48}},"208":{"start":{"line":209,"column":0},"end":{"line":209,"column":44}},"209":{"start":{"line":210,"column":0},"end":{"line":210,"column":56}},"210":{"start":{"line":211,"column":0},"end":{"line":211,"column":6}},"211":{"start":{"line":212,"column":0},"end":{"line":212,"column":56}},"212":{"start":{"line":213,"column":0},"end":{"line":213,"column":68}},"213":{"start":{"line":214,"column":0},"end":{"line":214,"column":64}},"214":{"start":{"line":215,"column":0},"end":{"line":215,"column":6}},"215":{"start":{"line":216,"column":0},"end":{"line":216,"column":19}},"216":{"start":{"line":217,"column":0},"end":{"line":217,"column":85}},"217":{"start":{"line":218,"column":0},"end":{"line":218,"column":63}},"218":{"start":{"line":219,"column":0},"end":{"line":219,"column":7}},"219":{"start":{"line":220,"column":0},"end":{"line":220,"column":6}},"220":{"start":{"line":221,"column":0},"end":{"line":221,"column":64}},"221":{"start":{"line":222,"column":0},"end":{"line":222,"column":39}},"222":{"start":{"line":223,"column":0},"end":{"line":223,"column":26}},"223":{"start":{"line":224,"column":0},"end":{"line":224,"column":36}},"224":{"start":{"line":225,"column":0},"end":{"line":225,"column":26}},"225":{"start":{"line":226,"column":0},"end":{"line":226,"column":67}},"226":{"start":{"line":227,"column":0},"end":{"line":227,"column":9}},"227":{"start":{"line":228,"column":0},"end":{"line":228,"column":0}},"228":{"start":{"line":229,"column":0},"end":{"line":229,"column":39}},"229":{"start":{"line":230,"column":0},"end":{"line":230,"column":117}},"230":{"start":{"line":231,"column":0},"end":{"line":231,"column":65}},"231":{"start":{"line":232,"column":0},"end":{"line":232,"column":32}},"232":{"start":{"line":233,"column":0},"end":{"line":233,"column":7}},"233":{"start":{"line":234,"column":0},"end":{"line":234,"column":0}},"234":{"start":{"line":235,"column":0},"end":{"line":235,"column":103}},"235":{"start":{"line":236,"column":0},"end":{"line":236,"column":0}},"236":{"start":{"line":237,"column":0},"end":{"line":237,"column":41}},"237":{"start":{"line":238,"column":0},"end":{"line":238,"column":50}},"238":{"start":{"line":239,"column":0},"end":{"line":239,"column":41}},"239":{"start":{"line":240,"column":0},"end":{"line":240,"column":33}},"240":{"start":{"line":241,"column":0},"end":{"line":241,"column":9}},"241":{"start":{"line":242,"column":0},"end":{"line":242,"column":0}},"242":{"start":{"line":243,"column":0},"end":{"line":243,"column":61}},"243":{"start":{"line":244,"column":0},"end":{"line":244,"column":89}},"244":{"start":{"line":245,"column":0},"end":{"line":245,"column":65}},"245":{"start":{"line":246,"column":0},"end":{"line":246,"column":47}},"246":{"start":{"line":247,"column":0},"end":{"line":247,"column":40}},"247":{"start":{"line":248,"column":0},"end":{"line":248,"column":33}},"248":{"start":{"line":249,"column":0},"end":{"line":249,"column":36}},"249":{"start":{"line":250,"column":0},"end":{"line":250,"column":11}},"250":{"start":{"line":251,"column":0},"end":{"line":251,"column":31}},"251":{"start":{"line":252,"column":0},"end":{"line":252,"column":25}},"252":{"start":{"line":253,"column":0},"end":{"line":253,"column":24}},"253":{"start":{"line":254,"column":0},"end":{"line":254,"column":10}},"254":{"start":{"line":255,"column":0},"end":{"line":255,"column":7}},"255":{"start":{"line":256,"column":0},"end":{"line":256,"column":0}},"256":{"start":{"line":257,"column":0},"end":{"line":257,"column":41}},"257":{"start":{"line":258,"column":0},"end":{"line":258,"column":52}},"258":{"start":{"line":259,"column":0},"end":{"line":259,"column":8}},"259":{"start":{"line":260,"column":0},"end":{"line":260,"column":0}},"260":{"start":{"line":261,"column":0},"end":{"line":261,"column":31}},"261":{"start":{"line":262,"column":0},"end":{"line":262,"column":50}},"262":{"start":{"line":263,"column":0},"end":{"line":263,"column":7}},"263":{"start":{"line":264,"column":0},"end":{"line":264,"column":0}},"264":{"start":{"line":265,"column":0},"end":{"line":265,"column":55}},"265":{"start":{"line":266,"column":0},"end":{"line":266,"column":60}},"266":{"start":{"line":267,"column":0},"end":{"line":267,"column":21}},"267":{"start":{"line":268,"column":0},"end":{"line":268,"column":62}},"268":{"start":{"line":269,"column":0},"end":{"line":269,"column":49}},"269":{"start":{"line":270,"column":0},"end":{"line":270,"column":35}},"270":{"start":{"line":271,"column":0},"end":{"line":271,"column":26}},"271":{"start":{"line":272,"column":0},"end":{"line":272,"column":17}},"272":{"start":{"line":273,"column":0},"end":{"line":273,"column":30}},"273":{"start":{"line":274,"column":0},"end":{"line":274,"column":35}},"274":{"start":{"line":275,"column":0},"end":{"line":275,"column":10}},"275":{"start":{"line":276,"column":0},"end":{"line":276,"column":0}},"276":{"start":{"line":277,"column":0},"end":{"line":277,"column":31}},"277":{"start":{"line":278,"column":0},"end":{"line":278,"column":50}},"278":{"start":{"line":279,"column":0},"end":{"line":279,"column":7}},"279":{"start":{"line":280,"column":0},"end":{"line":280,"column":15}},"280":{"start":{"line":281,"column":0},"end":{"line":281,"column":35}},"281":{"start":{"line":282,"column":0},"end":{"line":282,"column":5}},"282":{"start":{"line":283,"column":0},"end":{"line":283,"column":3}},"283":{"start":{"line":284,"column":0},"end":{"line":284,"column":0}},"284":{"start":{"line":285,"column":0},"end":{"line":285,"column":40}},"285":{"start":{"line":286,"column":0},"end":{"line":286,"column":67}},"286":{"start":{"line":287,"column":0},"end":{"line":287,"column":0}},"287":{"start":{"line":288,"column":0},"end":{"line":288,"column":10}},"288":{"start":{"line":289,"column":0},"end":{"line":289,"column":29}},"289":{"start":{"line":290,"column":0},"end":{"line":290,"column":31}},"290":{"start":{"line":291,"column":0},"end":{"line":291,"column":21}},"291":{"start":{"line":292,"column":0},"end":{"line":292,"column":75}},"292":{"start":{"line":293,"column":0},"end":{"line":293,"column":57}},"293":{"start":{"line":294,"column":0},"end":{"line":294,"column":14}},"294":{"start":{"line":295,"column":0},"end":{"line":295,"column":8}},"295":{"start":{"line":296,"column":0},"end":{"line":296,"column":6}},"296":{"start":{"line":297,"column":0},"end":{"line":297,"column":41}},"297":{"start":{"line":298,"column":0},"end":{"line":298,"column":52}},"298":{"start":{"line":299,"column":0},"end":{"line":299,"column":28}},"299":{"start":{"line":300,"column":0},"end":{"line":300,"column":10}},"300":{"start":{"line":301,"column":0},"end":{"line":301,"column":0}},"301":{"start":{"line":302,"column":0},"end":{"line":302,"column":42}},"302":{"start":{"line":303,"column":0},"end":{"line":303,"column":101}},"303":{"start":{"line":304,"column":0},"end":{"line":304,"column":21}},"304":{"start":{"line":305,"column":0},"end":{"line":305,"column":70}},"305":{"start":{"line":306,"column":0},"end":{"line":306,"column":41}},"306":{"start":{"line":307,"column":0},"end":{"line":307,"column":88}},"307":{"start":{"line":308,"column":0},"end":{"line":308,"column":94}},"308":{"start":{"line":309,"column":0},"end":{"line":309,"column":88}},"309":{"start":{"line":310,"column":0},"end":{"line":310,"column":31}},"310":{"start":{"line":311,"column":0},"end":{"line":311,"column":12}},"311":{"start":{"line":312,"column":0},"end":{"line":312,"column":14}},"312":{"start":{"line":313,"column":0},"end":{"line":313,"column":8}},"313":{"start":{"line":314,"column":0},"end":{"line":314,"column":43}},"314":{"start":{"line":315,"column":0},"end":{"line":315,"column":20}},"315":{"start":{"line":316,"column":0},"end":{"line":316,"column":29}},"316":{"start":{"line":317,"column":0},"end":{"line":317,"column":79}},"317":{"start":{"line":318,"column":0},"end":{"line":318,"column":45}},"318":{"start":{"line":319,"column":0},"end":{"line":319,"column":29}},"319":{"start":{"line":320,"column":0},"end":{"line":320,"column":10}},"320":{"start":{"line":321,"column":0},"end":{"line":321,"column":8}},"321":{"start":{"line":322,"column":0},"end":{"line":322,"column":46}},"322":{"start":{"line":323,"column":0},"end":{"line":323,"column":23}},"323":{"start":{"line":324,"column":0},"end":{"line":324,"column":79}},"324":{"start":{"line":325,"column":0},"end":{"line":325,"column":75}},"325":{"start":{"line":326,"column":0},"end":{"line":326,"column":45}},"326":{"start":{"line":327,"column":0},"end":{"line":327,"column":10}},"327":{"start":{"line":328,"column":0},"end":{"line":328,"column":8}},"328":{"start":{"line":329,"column":0},"end":{"line":329,"column":43}},"329":{"start":{"line":330,"column":0},"end":{"line":330,"column":20}},"330":{"start":{"line":331,"column":0},"end":{"line":331,"column":29}},"331":{"start":{"line":332,"column":0},"end":{"line":332,"column":45}},"332":{"start":{"line":333,"column":0},"end":{"line":333,"column":79}},"333":{"start":{"line":334,"column":0},"end":{"line":334,"column":10}},"334":{"start":{"line":335,"column":0},"end":{"line":335,"column":8}},"335":{"start":{"line":336,"column":0},"end":{"line":336,"column":0}},"336":{"start":{"line":337,"column":0},"end":{"line":337,"column":21}},"337":{"start":{"line":338,"column":0},"end":{"line":338,"column":35}},"338":{"start":{"line":339,"column":0},"end":{"line":339,"column":33}},"339":{"start":{"line":340,"column":0},"end":{"line":340,"column":31}},"340":{"start":{"line":341,"column":0},"end":{"line":341,"column":43}},"341":{"start":{"line":342,"column":0},"end":{"line":342,"column":27}},"342":{"start":{"line":343,"column":0},"end":{"line":343,"column":8}},"343":{"start":{"line":344,"column":0},"end":{"line":344,"column":0}},"344":{"start":{"line":345,"column":0},"end":{"line":345,"column":80}},"345":{"start":{"line":346,"column":0},"end":{"line":346,"column":10}},"346":{"start":{"line":347,"column":0},"end":{"line":347,"column":3}},"347":{"start":{"line":348,"column":0},"end":{"line":348,"column":1}},"348":{"start":{"line":349,"column":0},"end":{"line":349,"column":0}},"349":{"start":{"line":350,"column":0},"end":{"line":350,"column":19}}},"s":{"0":1,"1":1,"2":1,"3":1,"4":1,"5":1,"6":1,"7":1,"8":1,"9":1,"10":1,"11":1,"12":1,"13":1,"14":1,"15":1,"16":1,"17":1,"18":1,"19":1,"20":1,"21":1,"22":1,"23":1,"24":1,"25":1,"26":1,"27":1,"28":1,"29":1,"30":1,"31":1,"32":1,"33":2,"34":2,"35":1,"36":1,"37":1,"38":1,"39":1,"40":1,"41":1,"42":2,"43":2,"44":2,"45":2,"46":2,"47":2,"48":2,"49":2,"50":2,"51":2,"52":2,"53":2,"54":2,"55":2,"56":2,"57":2,"58":2,"59":2,"60":2,"61":2,"62":0,"63":0,"64":0,"65":0,"66":0,"67":0,"68":0,"69":0,"70":0,"71":0,"72":0,"73":2,"74":2,"75":2,"76":2,"77":1,"78":1,"79":1,"80":1,"81":0,"82":0,"83":0,"84":2,"85":2,"86":2,"87":0,"88":0,"89":0,"90":0,"91":0,"92":0,"93":0,"94":0,"95":0,"96":0,"97":0,"98":0,"99":0,"100":0,"101":0,"102":0,"103":0,"104":0,"105":0,"106":0,"107":0,"108":0,"109":0,"110":0,"111":0,"112":0,"113":0,"114":0,"115":0,"116":0,"117":0,"118":2,"119":2,"120":2,"121":1,"122":1,"123":1,"124":1,"125":0,"126":0,"127":0,"128":0,"129":0,"130":1,"131":1,"132":1,"133":0,"134":0,"135":0,"136":0,"137":0,"138":0,"139":0,"140":0,"141":0,"142":0,"143":1,"144":1,"145":1,"146":1,"147":1,"148":1,"149":1,"150":2,"151":2,"152":2,"153":0,"154":0,"155":0,"156":0,"157":0,"158":0,"159":0,"160":0,"161":0,"162":0,"163":0,"164":0,"165":2,"166":2,"167":0,"168":0,"169":0,"170":2,"171":2,"172":0,"173":0,"174":0,"175":0,"176":2,"177":2,"178":2,"179":0,"180":0,"181":0,"182":0,"183":0,"184":0,"185":0,"186":0,"187":0,"188":0,"189":0,"190":0,"191":0,"192":0,"193":0,"194":0,"195":0,"196":0,"197":0,"198":0,"199":0,"200":0,"201":0,"202":0,"203":0,"204":0,"205":0,"206":0,"207":0,"208":0,"209":0,"210":0,"211":0,"212":0,"213":0,"214":0,"215":0,"216":0,"217":0,"218":0,"219":0,"220":0,"221":0,"222":0,"223":0,"224":0,"225":0,"226":0,"227":0,"228":0,"229":0,"230":0,"231":0,"232":0,"233":0,"234":0,"235":0,"236":0,"237":0,"238":0,"239":0,"240":0,"241":0,"242":0,"243":0,"244":0,"245":0,"246":0,"247":0,"248":0,"249":0,"250":0,"251":0,"252":0,"253":0,"254":0,"255":0,"256":0,"257":0,"258":0,"259":0,"260":0,"261":0,"262":0,"263":0,"264":0,"265":0,"266":0,"267":0,"268":0,"269":0,"270":0,"271":0,"272":0,"273":0,"274":0,"275":0,"276":0,"277":0,"278":0,"279":0,"280":0,"281":0,"282":0,"283":2,"284":2,"285":2,"286":2,"287":2,"288":2,"289":2,"290":2,"291":0,"292":0,"293":0,"294":2,"295":2,"296":2,"297":2,"298":2,"299":2,"300":2,"301":2,"302":1,"303":1,"304":1,"305":1,"306":1,"307":1,"308":1,"309":1,"310":1,"311":1,"312":2,"313":2,"314":0,"315":0,"316":0,"317":0,"318":0,"319":0,"320":2,"321":2,"322":0,"323":0,"324":0,"325":0,"326":0,"327":2,"328":2,"329":0,"330":0,"331":0,"332":0,"333":0,"334":2,"335":2,"336":2,"337":2,"338":2,"339":2,"340":2,"341":2,"342":2,"343":2,"344":2,"345":2,"346":2,"347":2,"348":1,"349":1},"branchMap":{"0":{"type":"branch","line":34,"loc":{"start":{"line":34,"column":0},"end":{"line":348,"column":1}},"locations":[{"start":{"line":34,"column":0},"end":{"line":348,"column":1}}]},"1":{"type":"branch","line":49,"loc":{"start":{"line":49,"column":28},"end":{"line":49,"column":68}},"locations":[{"start":{"line":49,"column":28},"end":{"line":49,"column":68}}]},"2":{"type":"branch","line":49,"loc":{"start":{"line":49,"column":55},"end":{"line":49,"column":76}},"locations":[{"start":{"line":49,"column":55},"end":{"line":49,"column":76}}]},"3":{"type":"branch","line":291,"loc":{"start":{"line":291,"column":8},"end":{"line":294,"column":14}},"locations":[{"start":{"line":291,"column":8},"end":{"line":294,"column":14}}]},"4":{"type":"branch","line":302,"loc":{"start":{"line":302,"column":31},"end":{"line":312,"column":14}},"locations":[{"start":{"line":302,"column":31},"end":{"line":312,"column":14}}]},"5":{"type":"branch","line":303,"loc":{"start":{"line":303,"column":65},"end":{"line":303,"column":97}},"locations":[{"start":{"line":303,"column":65},"end":{"line":303,"column":97}}]},"6":{"type":"branch","line":314,"loc":{"start":{"line":314,"column":31},"end":{"line":320,"column":10}},"locations":[{"start":{"line":314,"column":31},"end":{"line":320,"column":10}}]},"7":{"type":"branch","line":322,"loc":{"start":{"line":322,"column":31},"end":{"line":327,"column":10}},"locations":[{"start":{"line":322,"column":31},"end":{"line":327,"column":10}}]},"8":{"type":"branch","line":329,"loc":{"start":{"line":329,"column":31},"end":{"line":334,"column":10}},"locations":[{"start":{"line":329,"column":31},"end":{"line":334,"column":10}}]},"9":{"type":"branch","line":35,"loc":{"start":{"line":35,"column":37},"end":{"line":43,"column":4}},"locations":[{"start":{"line":35,"column":37},"end":{"line":43,"column":4}}]},"10":{"type":"branch","line":77,"loc":{"start":{"line":77,"column":36},"end":{"line":85,"column":5}},"locations":[{"start":{"line":77,"column":36},"end":{"line":85,"column":5}}]},"11":{"type":"branch","line":81,"loc":{"start":{"line":81,"column":4},"end":{"line":84,"column":5}},"locations":[{"start":{"line":81,"column":4},"end":{"line":84,"column":5}}]},"12":{"type":"branch","line":80,"loc":{"start":{"line":80,"column":15},"end":{"line":80,"column":54}},"locations":[{"start":{"line":80,"column":15},"end":{"line":80,"column":54}}]},"13":{"type":"branch","line":121,"loc":{"start":{"line":121,"column":12},"end":{"line":151,"column":5}},"locations":[{"start":{"line":121,"column":12},"end":{"line":151,"column":5}}]},"14":{"type":"branch","line":145,"loc":{"start":{"line":145,"column":11},"end":{"line":150,"column":6}},"locations":[{"start":{"line":145,"column":11},"end":{"line":150,"column":6}}]}},"b":{"0":[2],"1":[0],"2":[1],"3":[0],"4":[1],"5":[0],"6":[0],"7":[0],"8":[0],"9":[1],"10":[1],"11":[0],"12":[1],"13":[1],"14":[1]},"fnMap":{"0":{"name":"App","decl":{"start":{"line":34,"column":0},"end":{"line":348,"column":1}},"loc":{"start":{"line":34,"column":0},"end":{"line":348,"column":1}},"line":34},"1":{"name":"window.wordfallGoHome","decl":{"start":{"line":133,"column":28},"end":{"line":143,"column":6}},"loc":{"start":{"line":133,"column":28},"end":{"line":143,"column":6}},"line":133},"2":{"name":"handlePlayClick","decl":{"start":{"line":153,"column":2},"end":{"line":165,"column":3}},"loc":{"start":{"line":153,"column":2},"end":{"line":165,"column":3}},"line":153},"3":{"name":"handleTutorialYes","decl":{"start":{"line":167,"column":2},"end":{"line":170,"column":3}},"loc":{"start":{"line":167,"column":2},"end":{"line":170,"column":3}},"line":167},"4":{"name":"handleTutorialNo","decl":{"start":{"line":172,"column":2},"end":{"line":176,"column":3}},"loc":{"start":{"line":172,"column":2},"end":{"line":176,"column":3}},"line":172},"5":{"name":"launchGame","decl":{"start":{"line":179,"column":2},"end":{"line":283,"column":3}},"loc":{"start":{"line":179,"column":2},"end":{"line":283,"column":3}},"line":179},"6":{"name":"onStatsClick","decl":{"start":{"line":307,"column":26},"end":{"line":307,"column":88}},"loc":{"start":{"line":307,"column":26},"end":{"line":307,"column":88}},"line":307},"7":{"name":"onSettingsClick","decl":{"start":{"line":308,"column":29},"end":{"line":308,"column":94}},"loc":{"start":{"line":308,"column":29},"end":{"line":308,"column":94}},"line":308},"8":{"name":"onRulesClick","decl":{"start":{"line":309,"column":26},"end":{"line":309,"column":88}},"loc":{"start":{"line":309,"column":26},"end":{"line":309,"column":88}},"line":309},"9":{"name":"onBack","decl":{"start":{"line":317,"column":18},"end":{"line":317,"column":79}},"loc":{"start":{"line":317,"column":18},"end":{"line":317,"column":79}},"line":317},"10":{"name":"onBack","decl":{"start":{"line":324,"column":18},"end":{"line":324,"column":79}},"loc":{"start":{"line":324,"column":18},"end":{"line":324,"column":79}},"line":324},"11":{"name":"onThemeChange","decl":{"start":{"line":325,"column":25},"end":{"line":325,"column":75}},"loc":{"start":{"line":325,"column":25},"end":{"line":325,"column":75}},"line":325},"12":{"name":"onBack","decl":{"start":{"line":333,"column":18},"end":{"line":333,"column":79}},"loc":{"start":{"line":333,"column":18},"end":{"line":333,"column":79}},"line":333}},"f":{"0":2,"1":0,"2":0,"3":0,"4":0,"5":0,"6":0,"7":0,"8":0,"9":0,"10":0,"11":0,"12":0}}
,"/home/uli/Projects/wordfall/landing/src/main.jsx": {"path":"/home/uli/Projects/wordfall/landing/src/main.jsx","all":true,"statementMap":{"0":{"start":{"line":1,"column":0},"end":{"line":1,"column":26}},"1":{"start":{"line":2,"column":0},"end":{"line":2,"column":40}},"2":{"start":{"line":3,"column":0},"end":{"line":3,"column":24}},"3":{"start":{"line":4,"column":0},"end":{"line":4,"column":0}},"4":{"start":{"line":5,"column":0},"end":{"line":5,"column":60}},"5":{"start":{"line":6,"column":0},"end":{"line":6,"column":20}},"6":{"start":{"line":7,"column":0},"end":{"line":7,"column":11}},"7":{"start":{"line":8,"column":0},"end":{"line":8,"column":21}},"8":{"start":{"line":9,"column":0},"end":{"line":9,"column":2}}},"s":{"0":0,"1":0,"2":0,"3":0,"4":0,"5":0,"6":0,"7":0,"8":0},"branchMap":{"0":{"type":"branch","line":1,"loc":{"start":{"line":1,"column":212},"end":{"line":9,"column":2}},"locations":[{"start":{"line":1,"column":212},"end":{"line":9,"column":2}}]}},"b":{"0":[0]},"fnMap":{"0":{"name":"(empty-report)","decl":{"start":{"line":1,"column":212},"end":{"line":9,"column":2}},"loc":{"start":{"line":1,"column":212},"end":{"line":9,"column":2}},"line":1}},"f":{"0":0}}
,"/home/uli/Projects/wordfall/landing/src/components/TutorialPrompt.jsx": {"path":"/home/uli/Projects/wordfall/landing/src/components/TutorialPrompt.jsx","all":false,"statementMap":{"0":{"start":{"line":1,"column":0},"end":{"line":1,"column":25}},"1":{"start":{"line":2,"column":0},"end":{"line":2,"column":0}},"2":{"start":{"line":3,"column":0},"end":{"line":3,"column":17}},"3":{"start":{"line":4,"column":0},"end":{"line":4,"column":7}},"4":{"start":{"line":5,"column":0},"end":{"line":5,"column":34}},"5":{"start":{"line":6,"column":0},"end":{"line":6,"column":63}},"6":{"start":{"line":7,"column":0},"end":{"line":7,"column":30}},"7":{"start":{"line":8,"column":0},"end":{"line":8,"column":25}},"8":{"start":{"line":9,"column":0},"end":{"line":9,"column":4}},"9":{"start":{"line":10,"column":0},"end":{"line":10,"column":7}},"10":{"start":{"line":11,"column":0},"end":{"line":11,"column":37}},"11":{"start":{"line":12,"column":0},"end":{"line":12,"column":62}},"12":{"start":{"line":13,"column":0},"end":{"line":13,"column":29}},"13":{"start":{"line":14,"column":0},"end":{"line":14,"column":27}},"14":{"start":{"line":15,"column":0},"end":{"line":15,"column":4}},"15":{"start":{"line":16,"column":0},"end":{"line":16,"column":1}},"16":{"start":{"line":17,"column":0},"end":{"line":17,"column":0}},"17":{"start":{"line":18,"column":0},"end":{"line":18,"column":90}},"18":{"start":{"line":19,"column":0},"end":{"line":19,"column":26}},"19":{"start":{"line":20,"column":0},"end":{"line":20,"column":0}},"20":{"start":{"line":21,"column":0},"end":{"line":21,"column":44}},"21":{"start":{"line":22,"column":0},"end":{"line":22,"column":0}},"22":{"start":{"line":23,"column":0},"end":{"line":23,"column":10}},"23":{"start":{"line":24,"column":0},"end":{"line":24,"column":9}},"24":{"start":{"line":25,"column":0},"end":{"line":25,"column":41}},"25":{"start":{"line":26,"column":0},"end":{"line":26,"column":19}},"26":{"start":{"line":27,"column":0},"end":{"line":27,"column":23}},"27":{"start":{"line":28,"column":0},"end":{"line":28,"column":38}},"28":{"start":{"line":29,"column":0},"end":{"line":29,"column":5}},"29":{"start":{"line":30,"column":0},"end":{"line":30,"column":62}},"30":{"start":{"line":31,"column":0},"end":{"line":31,"column":81}},"31":{"start":{"line":32,"column":0},"end":{"line":32,"column":63}},"32":{"start":{"line":33,"column":0},"end":{"line":33,"column":49}},"33":{"start":{"line":34,"column":0},"end":{"line":34,"column":18}},"34":{"start":{"line":35,"column":0},"end":{"line":35,"column":25}},"35":{"start":{"line":36,"column":0},"end":{"line":36,"column":44}},"36":{"start":{"line":37,"column":0},"end":{"line":37,"column":27}},"37":{"start":{"line":38,"column":0},"end":{"line":38,"column":11}},"38":{"start":{"line":39,"column":0},"end":{"line":39,"column":26}},"39":{"start":{"line":40,"column":0},"end":{"line":40,"column":19}},"40":{"start":{"line":41,"column":0},"end":{"line":41,"column":18}},"41":{"start":{"line":42,"column":0},"end":{"line":42,"column":25}},"42":{"start":{"line":43,"column":0},"end":{"line":43,"column":43}},"43":{"start":{"line":44,"column":0},"end":{"line":44,"column":26}},"44":{"start":{"line":45,"column":0},"end":{"line":45,"column":11}},"45":{"start":{"line":46,"column":0},"end":{"line":46,"column":25}},"46":{"start":{"line":47,"column":0},"end":{"line":47,"column":19}},"47":{"start":{"line":48,"column":0},"end":{"line":48,"column":14}},"48":{"start":{"line":49,"column":0},"end":{"line":49,"column":12}},"49":{"start":{"line":50,"column":0},"end":{"line":50,"column":10}},"50":{"start":{"line":51,"column":0},"end":{"line":51,"column":3}},"51":{"start":{"line":52,"column":0},"end":{"line":52,"column":1}}},"s":{"0":1,"1":1,"2":1,"3":1,"4":1,"5":1,"6":1,"7":1,"8":1,"9":1,"10":1,"11":1,"12":1,"13":1,"14":1,"15":1,"16":1,"17":1,"18":9,"19":7,"20":8,"21":9,"22":9,"23":9,"24":9,"25":9,"26":9,"27":9,"28":9,"29":9,"30":9,"31":9,"32":9,"33":9,"34":9,"35":9,"36":9,"37":9,"38":9,"39":9,"40":9,"41":9,"42":9,"43":9,"44":9,"45":9,"46":9,"47":9,"48":9,"49":9,"50":9,"51":9},"branchMap":{"0":{"type":"branch","line":18,"loc":{"start":{"line":18,"column":7},"end":{"line":52,"column":1}},"locations":[{"start":{"line":18,"column":7},"end":{"line":52,"column":1}}]},"1":{"type":"branch","line":19,"loc":{"start":{"line":19,"column":15},"end":{"line":19,"column":26}},"locations":[{"start":{"line":19,"column":15},"end":{"line":19,"column":26}}]},"2":{"type":"branch","line":19,"loc":{"start":{"line":19,"column":22},"end":{"line":21,"column":44}},"locations":[{"start":{"line":19,"column":22},"end":{"line":21,"column":44}}]},"3":{"type":"branch","line":19,"loc":{"start":{"line":19,"column":22},"end":{"line":21,"column":34}},"locations":[{"start":{"line":19,"column":22},"end":{"line":21,"column":34}}]},"4":{"type":"branch","line":21,"loc":{"start":{"line":21,"column":29},"end":{"line":21,"column":44}},"locations":[{"start":{"line":21,"column":29},"end":{"line":21,"column":44}}]}},"b":{"0":[9],"1":[2],"2":[8],"3":[7],"4":[1]},"fnMap":{"0":{"name":"TutorialPrompt","decl":{"start":{"line":18,"column":7},"end":{"line":52,"column":1}},"loc":{"start":{"line":18,"column":7},"end":{"line":52,"column":1}},"line":18}},"f":{"0":9}}
,"/home/uli/Projects/wordfall/landing/src/components/WaterfallTransition.jsx": {"path":"/home/uli/Projects/wordfall/landing/src/components/WaterfallTransition.jsx","all":false,"statementMap":{"0":{"start":{"line":1,"column":0},"end":{"line":1,"column":25}},"1":{"start":{"line":2,"column":0},"end":{"line":2,"column":0}},"2":{"start":{"line":3,"column":0},"end":{"line":3,"column":47}},"3":{"start":{"line":4,"column":0},"end":{"line":4,"column":61}},"4":{"start":{"line":5,"column":0},"end":{"line":5,"column":0}},"5":{"start":{"line":6,"column":0},"end":{"line":6,"column":58}},"6":{"start":{"line":7,"column":0},"end":{"line":7,"column":28}},"7":{"start":{"line":8,"column":0},"end":{"line":8,"column":0}},"8":{"start":{"line":9,"column":0},"end":{"line":9,"column":10}},"9":{"start":{"line":10,"column":0},"end":{"line":10,"column":85}},"10":{"start":{"line":11,"column":0},"end":{"line":11,"column":43}},"11":{"start":{"line":12,"column":0},"end":{"line":12,"column":44}},"12":{"start":{"line":13,"column":0},"end":{"line":13,"column":58}},"13":{"start":{"line":14,"column":0},"end":{"line":14,"column":20}},"14":{"start":{"line":15,"column":0},"end":{"line":15,"column":17}},"15":{"start":{"line":16,"column":0},"end":{"line":16,"column":11}},"16":{"start":{"line":17,"column":0},"end":{"line":17,"column":44}},"17":{"start":{"line":18,"column":0},"end":{"line":18,"column":12}},"18":{"start":{"line":19,"column":0},"end":{"line":19,"column":63}},"19":{"start":{"line":20,"column":0},"end":{"line":20,"column":10}},"20":{"start":{"line":21,"column":0},"end":{"line":21,"column":3}},"21":{"start":{"line":22,"column":0},"end":{"line":22,"column":1}}},"s":{"0":1,"1":1,"2":1,"3":1,"4":1,"5":1,"6":7,"7":4,"8":4,"9":4,"10":4,"11":4,"12":28,"13":28,"14":28,"15":4,"16":4,"17":4,"18":4,"19":4,"20":4,"21":4},"branchMap":{"0":{"type":"branch","line":6,"loc":{"start":{"line":6,"column":7},"end":{"line":22,"column":1}},"locations":[{"start":{"line":6,"column":7},"end":{"line":22,"column":1}}]},"1":{"type":"branch","line":7,"loc":{"start":{"line":7,"column":17},"end":{"line":7,"column":28}},"locations":[{"start":{"line":7,"column":17},"end":{"line":7,"column":28}}]},"2":{"type":"branch","line":7,"loc":{"start":{"line":7,"column":24},"end":{"line":22,"column":1}},"locations":[{"start":{"line":7,"column":24},"end":{"line":22,"column":1}}]},"3":{"type":"branch","line":12,"loc":{"start":{"line":12,"column":31},"end":{"line":15,"column":17}},"locations":[{"start":{"line":12,"column":31},"end":{"line":15,"column":17}}]}},"b":{"0":[7],"1":[2],"2":[4],"3":[28]},"fnMap":{"0":{"name":"WaterfallTransition","decl":{"start":{"line":6,"column":7},"end":{"line":22,"column":1}},"loc":{"start":{"line":6,"column":7},"end":{"line":22,"column":1}},"line":6}},"f":{"0":7}}
,"/home/uli/Projects/wordfall/landing/src/screens/HomeScreen.jsx": {"path":"/home/uli/Projects/wordfall/landing/src/screens/HomeScreen.jsx","all":false,"statementMap":{"0":{"start":{"line":1,"column":0},"end":{"line":1,"column":25}},"1":{"start":{"line":2,"column":0},"end":{"line":2,"column":69}},"2":{"start":{"line":3,"column":0},"end":{"line":3,"column":0}},"3":{"start":{"line":4,"column":0},"end":{"line":4,"column":114}},"4":{"start":{"line":5,"column":0},"end":{"line":5,"column":64}},"5":{"start":{"line":6,"column":0},"end":{"line":6,"column":88}},"6":{"start":{"line":7,"column":0},"end":{"line":7,"column":57}},"7":{"start":{"line":8,"column":0},"end":{"line":8,"column":61}},"8":{"start":{"line":9,"column":0},"end":{"line":9,"column":0}},"9":{"start":{"line":10,"column":0},"end":{"line":10,"column":10}},"10":{"start":{"line":11,"column":0},"end":{"line":11,"column":61}},"11":{"start":{"line":12,"column":0},"end":{"line":12,"column":96}},"12":{"start":{"line":13,"column":0},"end":{"line":13,"column":0}},"13":{"start":{"line":14,"column":0},"end":{"line":14,"column":66}},"14":{"start":{"line":15,"column":0},"end":{"line":15,"column":61}},"15":{"start":{"line":16,"column":0},"end":{"line":16,"column":46}},"16":{"start":{"line":17,"column":0},"end":{"line":17,"column":46}},"17":{"start":{"line":18,"column":0},"end":{"line":18,"column":46}},"18":{"start":{"line":19,"column":0},"end":{"line":19,"column":46}},"19":{"start":{"line":20,"column":0},"end":{"line":20,"column":12}},"20":{"start":{"line":21,"column":0},"end":{"line":21,"column":0}},"21":{"start":{"line":22,"column":0},"end":{"line":22,"column":23}},"22":{"start":{"line":23,"column":0},"end":{"line":23,"column":33}},"23":{"start":{"line":24,"column":0},"end":{"line":24,"column":39}},"24":{"start":{"line":25,"column":0},"end":{"line":25,"column":54}},"25":{"start":{"line":26,"column":0},"end":{"line":26,"column":73}},"26":{"start":{"line":27,"column":0},"end":{"line":27,"column":35}},"27":{"start":{"line":28,"column":0},"end":{"line":28,"column":76}},"28":{"start":{"line":29,"column":0},"end":{"line":29,"column":54}},"29":{"start":{"line":30,"column":0},"end":{"line":30,"column":16}},"30":{"start":{"line":31,"column":0},"end":{"line":31,"column":12}},"31":{"start":{"line":32,"column":0},"end":{"line":32,"column":14}},"32":{"start":{"line":33,"column":0},"end":{"line":33,"column":0}},"33":{"start":{"line":34,"column":0},"end":{"line":34,"column":26}},"34":{"start":{"line":35,"column":0},"end":{"line":35,"column":84}},"35":{"start":{"line":36,"column":0},"end":{"line":36,"column":67}},"36":{"start":{"line":37,"column":0},"end":{"line":37,"column":40}},"37":{"start":{"line":38,"column":0},"end":{"line":38,"column":61}},"38":{"start":{"line":39,"column":0},"end":{"line":39,"column":60}},"39":{"start":{"line":40,"column":0},"end":{"line":40,"column":56}},"40":{"start":{"line":41,"column":0},"end":{"line":41,"column":56}},"41":{"start":{"line":42,"column":0},"end":{"line":42,"column":38}},"42":{"start":{"line":43,"column":0},"end":{"line":43,"column":17}},"43":{"start":{"line":44,"column":0},"end":{"line":44,"column":59}},"44":{"start":{"line":45,"column":0},"end":{"line":45,"column":43}},"45":{"start":{"line":46,"column":0},"end":{"line":46,"column":67}},"46":{"start":{"line":47,"column":0},"end":{"line":47,"column":24}},"47":{"start":{"line":48,"column":0},"end":{"line":48,"column":31}},"48":{"start":{"line":49,"column":0},"end":{"line":49,"column":43}},"49":{"start":{"line":50,"column":0},"end":{"line":50,"column":41}},"50":{"start":{"line":51,"column":0},"end":{"line":51,"column":38}},"51":{"start":{"line":52,"column":0},"end":{"line":52,"column":49}},"52":{"start":{"line":53,"column":0},"end":{"line":53,"column":17}},"53":{"start":{"line":54,"column":0},"end":{"line":54,"column":54}},"54":{"start":{"line":55,"column":0},"end":{"line":55,"column":25}},"55":{"start":{"line":56,"column":0},"end":{"line":56,"column":16}},"56":{"start":{"line":57,"column":0},"end":{"line":57,"column":29}},"57":{"start":{"line":58,"column":0},"end":{"line":58,"column":100}},"58":{"start":{"line":59,"column":0},"end":{"line":59,"column":16}},"59":{"start":{"line":60,"column":0},"end":{"line":60,"column":18}},"60":{"start":{"line":61,"column":0},"end":{"line":61,"column":16}},"61":{"start":{"line":62,"column":0},"end":{"line":62,"column":10}},"62":{"start":{"line":63,"column":0},"end":{"line":63,"column":0}},"63":{"start":{"line":64,"column":0},"end":{"line":64,"column":16}},"64":{"start":{"line":65,"column":0},"end":{"line":65,"column":23}},"65":{"start":{"line":66,"column":0},"end":{"line":66,"column":90}},"66":{"start":{"line":67,"column":0},"end":{"line":67,"column":32}},"67":{"start":{"line":68,"column":0},"end":{"line":68,"column":76}},"68":{"start":{"line":69,"column":0},"end":{"line":69,"column":132}},"69":{"start":{"line":70,"column":0},"end":{"line":70,"column":41}},"70":{"start":{"line":71,"column":0},"end":{"line":71,"column":9}},"71":{"start":{"line":72,"column":0},"end":{"line":72,"column":46}},"72":{"start":{"line":73,"column":0},"end":{"line":73,"column":70}},"73":{"start":{"line":74,"column":0},"end":{"line":74,"column":17}},"74":{"start":{"line":75,"column":0},"end":{"line":75,"column":0}},"75":{"start":{"line":76,"column":0},"end":{"line":76,"column":33}},"76":{"start":{"line":77,"column":0},"end":{"line":77,"column":75}},"77":{"start":{"line":78,"column":0},"end":{"line":78,"column":68}},"78":{"start":{"line":79,"column":0},"end":{"line":79,"column":14}},"79":{"start":{"line":80,"column":0},"end":{"line":80,"column":10}},"80":{"start":{"line":81,"column":0},"end":{"line":81,"column":0}},"81":{"start":{"line":82,"column":0},"end":{"line":82,"column":98}},"82":{"start":{"line":83,"column":0},"end":{"line":83,"column":0}},"83":{"start":{"line":84,"column":0},"end":{"line":84,"column":40}},"84":{"start":{"line":85,"column":0},"end":{"line":85,"column":0}},"85":{"start":{"line":86,"column":0},"end":{"line":86,"column":43}},"86":{"start":{"line":87,"column":0},"end":{"line":87,"column":98}},"87":{"start":{"line":88,"column":0},"end":{"line":88,"column":104}},"88":{"start":{"line":89,"column":0},"end":{"line":89,"column":14}},"89":{"start":{"line":90,"column":0},"end":{"line":90,"column":0}},"90":{"start":{"line":91,"column":0},"end":{"line":91,"column":40}},"91":{"start":{"line":92,"column":0},"end":{"line":92,"column":52}},"92":{"start":{"line":93,"column":0},"end":{"line":93,"column":12}},"93":{"start":{"line":94,"column":0},"end":{"line":94,"column":10}},"94":{"start":{"line":95,"column":0},"end":{"line":95,"column":3}},"95":{"start":{"line":96,"column":0},"end":{"line":96,"column":1}}},"s":{"0":1,"1":1,"2":1,"3":1,"4":15,"5":15,"6":15,"7":15,"8":15,"9":15,"10":15,"11":15,"12":15,"13":15,"14":15,"15":15,"16":15,"17":15,"18":15,"19":15,"20":15,"21":15,"22":15,"23":15,"24":15,"25":15,"26":15,"27":1,"28":1,"29":1,"30":15,"31":15,"32":15,"33":15,"34":3,"35":3,"36":3,"37":3,"38":0,"39":0,"40":0,"41":0,"42":3,"43":3,"44":3,"45":3,"46":3,"47":3,"48":3,"49":3,"50":3,"51":3,"52":3,"53":3,"54":3,"55":3,"56":3,"57":1,"58":3,"59":3,"60":3,"61":15,"62":15,"63":15,"64":15,"65":15,"66":15,"67":15,"68":15,"69":15,"70":15,"71":15,"72":13,"73":15,"74":15,"75":15,"76":2,"77":2,"78":2,"79":15,"80":15,"81":15,"82":15,"83":15,"84":15,"85":15,"86":15,"87":15,"88":15,"89":15,"90":15,"91":15,"92":15,"93":15,"94":15,"95":15},"branchMap":{"0":{"type":"branch","line":4,"loc":{"start":{"line":4,"column":7},"end":{"line":96,"column":1}},"locations":[{"start":{"line":4,"column":7},"end":{"line":96,"column":1}}]},"1":{"type":"branch","line":6,"loc":{"start":{"line":6,"column":29},"end":{"line":6,"column":84}},"locations":[{"start":{"line":6,"column":29},"end":{"line":6,"column":84}}]},"2":{"type":"branch","line":6,"loc":{"start":{"line":6,"column":80},"end":{"line":6,"column":88}},"locations":[{"start":{"line":6,"column":80},"end":{"line":6,"column":88}}]},"3":{"type":"branch","line":7,"loc":{"start":{"line":7,"column":26},"end":{"line":7,"column":48}},"locations":[{"start":{"line":7,"column":26},"end":{"line":7,"column":48}}]},"4":{"type":"branch","line":7,"loc":{"start":{"line":7,"column":40},"end":{"line":7,"column":57}},"locations":[{"start":{"line":7,"column":40},"end":{"line":7,"column":57}}]},"5":{"type":"branch","line":8,"loc":{"start":{"line":8,"column":28},"end":{"line":8,"column":56}},"locations":[{"start":{"line":8,"column":28},"end":{"line":8,"column":56}}]},"6":{"type":"branch","line":12,"loc":{"start":{"line":12,"column":33},"end":{"line":12,"column":53}},"locations":[{"start":{"line":12,"column":33},"end":{"line":12,"column":53}}]},"7":{"type":"branch","line":12,"loc":{"start":{"line":12,"column":49},"end":{"line":12,"column":56}},"locations":[{"start":{"line":12,"column":49},"end":{"line":12,"column":56}}]},"8":{"type":"branch","line":27,"loc":{"start":{"line":27,"column":29},"end":{"line":30,"column":16}},"locations":[{"start":{"line":27,"column":29},"end":{"line":30,"column":16}}]},"9":{"type":"branch","line":34,"loc":{"start":{"line":34,"column":9},"end":{"line":61,"column":16}},"locations":[{"start":{"line":34,"column":9},"end":{"line":61,"column":16}}]},"10":{"type":"branch","line":38,"loc":{"start":{"line":38,"column":41},"end":{"line":42,"column":38}},"locations":[{"start":{"line":38,"column":41},"end":{"line":42,"column":38}}]},"11":{"type":"branch","line":54,"loc":{"start":{"line":54,"column":19},"end":{"line":54,"column":44}},"locations":[{"start":{"line":54,"column":19},"end":{"line":54,"column":44}}]},"12":{"type":"branch","line":54,"loc":{"start":{"line":54,"column":30},"end":{"line":54,"column":54}},"locations":[{"start":{"line":54,"column":30},"end":{"line":54,"column":54}}]},"13":{"type":"branch","line":57,"loc":{"start":{"line":57,"column":16},"end":{"line":58,"column":100}},"locations":[{"start":{"line":57,"column":16},"end":{"line":58,"column":100}}]},"14":{"type":"branch","line":66,"loc":{"start":{"line":66,"column":61},"end":{"line":66,"column":85}},"locations":[{"start":{"line":66,"column":61},"end":{"line":66,"column":85}}]},"15":{"type":"branch","line":66,"loc":{"start":{"line":66,"column":73},"end":{"line":66,"column":87}},"locations":[{"start":{"line":66,"column":73},"end":{"line":66,"column":87}}]},"16":{"type":"branch","line":68,"loc":{"start":{"line":68,"column":26},"end":{"line":68,"column":76}},"locations":[{"start":{"line":68,"column":26},"end":{"line":68,"column":76}}]},"17":{"type":"branch","line":69,"loc":{"start":{"line":69,"column":28},"end":{"line":69,"column":63}},"locations":[{"start":{"line":69,"column":28},"end":{"line":69,"column":63}}]},"18":{"type":"branch","line":69,"loc":{"start":{"line":69,"column":44},"end":{"line":69,"column":132}},"locations":[{"start":{"line":69,"column":44},"end":{"line":69,"column":132}}]},"19":{"type":"branch","line":69,"loc":{"start":{"line":69,"column":88},"end":{"line":69,"column":119}},"locations":[{"start":{"line":69,"column":88},"end":{"line":69,"column":119}}]},"20":{"type":"branch","line":69,"loc":{"start":{"line":69,"column":98},"end":{"line":69,"column":132}},"locations":[{"start":{"line":69,"column":98},"end":{"line":69,"column":132}}]},"21":{"type":"branch","line":72,"loc":{"start":{"line":72,"column":17},"end":{"line":72,"column":46}},"locations":[{"start":{"line":72,"column":17},"end":{"line":72,"column":46}}]},"22":{"type":"branch","line":72,"loc":{"start":{"line":72,"column":33},"end":{"line":73,"column":70}},"locations":[{"start":{"line":72,"column":33},"end":{"line":73,"column":70}}]},"23":{"type":"branch","line":73,"loc":{"start":{"line":73,"column":37},"end":{"line":73,"column":63}},"locations":[{"start":{"line":73,"column":37},"end":{"line":73,"column":63}}]},"24":{"type":"branch","line":73,"loc":{"start":{"line":73,"column":50},"end":{"line":73,"column":70}},"locations":[{"start":{"line":73,"column":50},"end":{"line":73,"column":70}}]},"25":{"type":"branch","line":76,"loc":{"start":{"line":76,"column":15},"end":{"line":79,"column":14}},"locations":[{"start":{"line":76,"column":15},"end":{"line":79,"column":14}}]}},"b":{"0":[15],"1":[3],"2":[12],"3":[3],"4":[12],"5":[3],"6":[2],"7":[13],"8":[1],"9":[3],"10":[0],"11":[2],"12":[1],"13":[1],"14":[1],"15":[14],"16":[13],"17":[2],"18":[13],"19":[4],"20":[9],"21":[2],"22":[13],"23":[1],"24":[12],"25":[2]},"fnMap":{"0":{"name":"HomeScreen","decl":{"start":{"line":4,"column":7},"end":{"line":96,"column":1}},"loc":{"start":{"line":4,"column":7},"end":{"line":96,"column":1}},"line":4}},"f":{"0":15}}
,"/home/uli/Projects/wordfall/landing/src/screens/RulesScreen.jsx": {"path":"/home/uli/Projects/wordfall/landing/src/screens/RulesScreen.jsx","all":false,"statementMap":{"0":{"start":{"line":1,"column":0},"end":{"line":1,"column":25}},"1":{"start":{"line":2,"column":0},"end":{"line":2,"column":42}},"2":{"start":{"line":3,"column":0},"end":{"line":3,"column":52}},"3":{"start":{"line":4,"column":0},"end":{"line":4,"column":55}},"4":{"start":{"line":5,"column":0},"end":{"line":5,"column":0}},"5":{"start":{"line":6,"column":0},"end":{"line":6,"column":17}},"6":{"start":{"line":7,"column":0},"end":{"line":7,"column":7}},"7":{"start":{"line":8,"column":0},"end":{"line":8,"column":19}},"8":{"start":{"line":9,"column":0},"end":{"line":9,"column":25}},"9":{"start":{"line":10,"column":0},"end":{"line":10,"column":4}},"10":{"start":{"line":11,"column":0},"end":{"line":11,"column":7}},"11":{"start":{"line":12,"column":0},"end":{"line":12,"column":21}},"12":{"start":{"line":13,"column":0},"end":{"line":13,"column":24}},"13":{"start":{"line":14,"column":0},"end":{"line":14,"column":4}},"14":{"start":{"line":15,"column":0},"end":{"line":15,"column":1}},"15":{"start":{"line":16,"column":0},"end":{"line":16,"column":0}},"16":{"start":{"line":17,"column":0},"end":{"line":17,"column":65}},"17":{"start":{"line":18,"column":0},"end":{"line":18,"column":60}},"18":{"start":{"line":19,"column":0},"end":{"line":19,"column":44}},"19":{"start":{"line":20,"column":0},"end":{"line":20,"column":0}},"20":{"start":{"line":21,"column":0},"end":{"line":21,"column":10}},"21":{"start":{"line":22,"column":0},"end":{"line":22,"column":56}},"22":{"start":{"line":23,"column":0},"end":{"line":23,"column":44}},"23":{"start":{"line":24,"column":0},"end":{"line":24,"column":39}},"24":{"start":{"line":25,"column":0},"end":{"line":25,"column":91}},"25":{"start":{"line":26,"column":0},"end":{"line":26,"column":54}},"26":{"start":{"line":27,"column":0},"end":{"line":27,"column":14}},"27":{"start":{"line":28,"column":0},"end":{"line":28,"column":0}},"28":{"start":{"line":29,"column":0},"end":{"line":29,"column":39}},"29":{"start":{"line":30,"column":0},"end":{"line":30,"column":24}},"30":{"start":{"line":31,"column":0},"end":{"line":31,"column":25}},"31":{"start":{"line":32,"column":0},"end":{"line":32,"column":77}},"32":{"start":{"line":33,"column":0},"end":{"line":33,"column":77}},"33":{"start":{"line":34,"column":0},"end":{"line":34,"column":77}},"34":{"start":{"line":35,"column":0},"end":{"line":35,"column":83}},"35":{"start":{"line":36,"column":0},"end":{"line":36,"column":77}},"36":{"start":{"line":37,"column":0},"end":{"line":37,"column":77}},"37":{"start":{"line":38,"column":0},"end":{"line":38,"column":87}},"38":{"start":{"line":39,"column":0},"end":{"line":39,"column":109}},"39":{"start":{"line":40,"column":0},"end":{"line":40,"column":89}},"40":{"start":{"line":41,"column":0},"end":{"line":41,"column":89}},"41":{"start":{"line":42,"column":0},"end":{"line":42,"column":89}},"42":{"start":{"line":43,"column":0},"end":{"line":43,"column":77}},"43":{"start":{"line":44,"column":0},"end":{"line":44,"column":77}},"44":{"start":{"line":45,"column":0},"end":{"line":45,"column":77}},"45":{"start":{"line":46,"column":0},"end":{"line":46,"column":93}},"46":{"start":{"line":47,"column":0},"end":{"line":47,"column":14}},"47":{"start":{"line":48,"column":0},"end":{"line":48,"column":11}},"48":{"start":{"line":49,"column":0},"end":{"line":49,"column":26}},"49":{"start":{"line":50,"column":0},"end":{"line":50,"column":26}},"50":{"start":{"line":51,"column":0},"end":{"line":51,"column":14}},"51":{"start":{"line":52,"column":0},"end":{"line":52,"column":0}},"52":{"start":{"line":53,"column":0},"end":{"line":53,"column":12}},"53":{"start":{"line":54,"column":0},"end":{"line":54,"column":10}},"54":{"start":{"line":55,"column":0},"end":{"line":55,"column":3}},"55":{"start":{"line":56,"column":0},"end":{"line":56,"column":1}}},"s":{"0":1,"1":1,"2":1,"3":1,"4":1,"5":1,"6":1,"7":1,"8":1,"9":1,"10":1,"11":1,"12":1,"13":1,"14":1,"15":1,"16":1,"17":5,"18":5,"19":5,"20":5,"21":5,"22":5,"23":5,"24":5,"25":5,"26":5,"27":5,"28":5,"29":5,"30":5,"31":5,"32":5,"33":5,"34":5,"35":5,"36":5,"37":5,"38":5,"39":5,"40":5,"41":5,"42":5,"43":5,"44":5,"45":5,"46":5,"47":5,"48":5,"49":5,"50":5,"51":5,"52":5,"53":5,"54":5,"55":5},"branchMap":{"0":{"type":"branch","line":17,"loc":{"start":{"line":17,"column":7},"end":{"line":56,"column":1}},"locations":[{"start":{"line":17,"column":7},"end":{"line":56,"column":1}}]},"1":{"type":"branch","line":18,"loc":{"start":{"line":18,"column":36},"end":{"line":18,"column":53}},"locations":[{"start":{"line":18,"column":36},"end":{"line":18,"column":53}}]},"2":{"type":"branch","line":18,"loc":{"start":{"line":18,"column":43},"end":{"line":18,"column":60}},"locations":[{"start":{"line":18,"column":43},"end":{"line":18,"column":60}}]},"3":{"type":"branch","line":19,"loc":{"start":{"line":19,"column":29},"end":{"line":19,"column":44}},"locations":[{"start":{"line":19,"column":29},"end":{"line":19,"column":44}}]}},"b":{"0":[5],"1":[1],"2":[4],"3":[1]},"fnMap":{"0":{"name":"RulesScreen","decl":{"start":{"line":17,"column":7},"end":{"line":56,"column":1}},"loc":{"start":{"line":17,"column":7},"end":{"line":56,"column":1}},"line":17},"1":{"name":"h1","decl":{"start":{"line":32,"column":18},"end":{"line":32,"column":77}},"loc":{"start":{"line":32,"column":18},"end":{"line":32,"column":77}},"line":32},"2":{"name":"h2","decl":{"start":{"line":33,"column":18},"end":{"line":33,"column":77}},"loc":{"start":{"line":33,"column":18},"end":{"line":33,"column":77}},"line":33},"3":{"name":"h3","decl":{"start":{"line":34,"column":18},"end":{"line":34,"column":77}},"loc":{"start":{"line":34,"column":18},"end":{"line":34,"column":77}},"line":34},"4":{"name":"p","decl":{"start":{"line":35,"column":17},"end":{"line":35,"column":83}},"loc":{"start":{"line":35,"column":17},"end":{"line":35,"column":83}},"line":35},"5":{"name":"ul","decl":{"start":{"line":36,"column":18},"end":{"line":36,"column":77}},"loc":{"start":{"line":36,"column":18},"end":{"line":36,"column":77}},"line":36},"6":{"name":"ol","decl":{"start":{"line":37,"column":18},"end":{"line":37,"column":77}},"loc":{"start":{"line":37,"column":18},"end":{"line":37,"column":77}},"line":37},"7":{"name":"li","decl":{"start":{"line":38,"column":18},"end":{"line":38,"column":87}},"loc":{"start":{"line":38,"column":18},"end":{"line":38,"column":87}},"line":38},"8":{"name":"blockquote","decl":{"start":{"line":39,"column":26},"end":{"line":39,"column":109}},"loc":{"start":{"line":39,"column":26},"end":{"line":39,"column":109}},"line":39},"9":{"name":"table","decl":{"start":{"line":40,"column":21},"end":{"line":40,"column":89}},"loc":{"start":{"line":40,"column":21},"end":{"line":40,"column":89}},"line":40},"10":{"name":"thead","decl":{"start":{"line":41,"column":21},"end":{"line":41,"column":89}},"loc":{"start":{"line":41,"column":21},"end":{"line":41,"column":89}},"line":41},"11":{"name":"tbody","decl":{"start":{"line":42,"column":21},"end":{"line":42,"column":89}},"loc":{"start":{"line":42,"column":21},"end":{"line":42,"column":89}},"line":42},"12":{"name":"tr","decl":{"start":{"line":43,"column":18},"end":{"line":43,"column":77}},"loc":{"start":{"line":43,"column":18},"end":{"line":43,"column":77}},"line":43},"13":{"name":"th","decl":{"start":{"line":44,"column":18},"end":{"line":44,"column":77}},"loc":{"start":{"line":44,"column":18},"end":{"line":44,"column":77}},"line":44},"14":{"name":"td","decl":{"start":{"line":45,"column":18},"end":{"line":45,"column":77}},"loc":{"start":{"line":45,"column":18},"end":{"line":45,"column":77}},"line":45},"15":{"name":"strong","decl":{"start":{"line":46,"column":22},"end":{"line":46,"column":93}},"loc":{"start":{"line":46,"column":22},"end":{"line":46,"column":93}},"line":46}},"f":{"0":5,"1":0,"2":0,"3":0,"4":0,"5":0,"6":0,"7":0,"8":0,"9":0,"10":0,"11":0,"12":0,"13":0,"14":0,"15":0}}
,"/home/uli/Projects/wordfall/landing/src/screens/SettingsScreen.jsx": {"path":"/home/uli/Projects/wordfall/landing/src/screens/SettingsScreen.jsx","all":false,"statementMap":{"0":{"start":{"line":1,"column":0},"end":{"line":1,"column":39}},"1":{"start":{"line":2,"column":0},"end":{"line":2,"column":67}},"2":{"start":{"line":3,"column":0},"end":{"line":3,"column":0}},"3":{"start":{"line":4,"column":0},"end":{"line":4,"column":59}},"4":{"start":{"line":5,"column":0},"end":{"line":5,"column":63}},"5":{"start":{"line":6,"column":0},"end":{"line":6,"column":0}},"6":{"start":{"line":7,"column":0},"end":{"line":7,"column":37}},"7":{"start":{"line":8,"column":0},"end":{"line":8,"column":49}},"8":{"start":{"line":9,"column":0},"end":{"line":9,"column":24}},"9":{"start":{"line":10,"column":0},"end":{"line":10,"column":34}},"10":{"start":{"line":11,"column":0},"end":{"line":11,"column":45}},"11":{"start":{"line":12,"column":0},"end":{"line":12,"column":3}},"12":{"start":{"line":13,"column":0},"end":{"line":13,"column":0}},"13":{"start":{"line":14,"column":0},"end":{"line":14,"column":18}},"14":{"start":{"line":15,"column":0},"end":{"line":15,"column":5}},"15":{"start":{"line":16,"column":0},"end":{"line":16,"column":19}},"16":{"start":{"line":17,"column":0},"end":{"line":17,"column":21}},"17":{"start":{"line":18,"column":0},"end":{"line":18,"column":86}},"18":{"start":{"line":19,"column":0},"end":{"line":19,"column":6}},"19":{"start":{"line":20,"column":0},"end":{"line":20,"column":5}},"20":{"start":{"line":21,"column":0},"end":{"line":21,"column":22}},"21":{"start":{"line":22,"column":0},"end":{"line":22,"column":24}},"22":{"start":{"line":23,"column":0},"end":{"line":23,"column":86}},"23":{"start":{"line":24,"column":0},"end":{"line":24,"column":6}},"24":{"start":{"line":25,"column":0},"end":{"line":25,"column":5}},"25":{"start":{"line":26,"column":0},"end":{"line":26,"column":24}},"26":{"start":{"line":27,"column":0},"end":{"line":27,"column":26}},"27":{"start":{"line":28,"column":0},"end":{"line":28,"column":88}},"28":{"start":{"line":29,"column":0},"end":{"line":29,"column":6}},"29":{"start":{"line":30,"column":0},"end":{"line":30,"column":3}},"30":{"start":{"line":31,"column":0},"end":{"line":31,"column":0}},"31":{"start":{"line":32,"column":0},"end":{"line":32,"column":10}},"32":{"start":{"line":33,"column":0},"end":{"line":33,"column":65}},"33":{"start":{"line":34,"column":0},"end":{"line":34,"column":33}},"34":{"start":{"line":35,"column":0},"end":{"line":35,"column":37}},"35":{"start":{"line":36,"column":0},"end":{"line":36,"column":86}},"36":{"start":{"line":37,"column":0},"end":{"line":37,"column":50}},"37":{"start":{"line":38,"column":0},"end":{"line":38,"column":12}},"38":{"start":{"line":39,"column":0},"end":{"line":39,"column":0}},"39":{"start":{"line":40,"column":0},"end":{"line":40,"column":35}},"40":{"start":{"line":41,"column":0},"end":{"line":41,"column":42}},"41":{"start":{"line":42,"column":0},"end":{"line":42,"column":55}},"42":{"start":{"line":43,"column":0},"end":{"line":43,"column":44}},"43":{"start":{"line":44,"column":0},"end":{"line":44,"column":67}},"44":{"start":{"line":45,"column":0},"end":{"line":45,"column":43}},"45":{"start":{"line":46,"column":0},"end":{"line":46,"column":43}},"46":{"start":{"line":47,"column":0},"end":{"line":47,"column":24}},"47":{"start":{"line":48,"column":0},"end":{"line":48,"column":35}},"48":{"start":{"line":49,"column":0},"end":{"line":49,"column":101}},"49":{"start":{"line":50,"column":0},"end":{"line":50,"column":19}},"50":{"start":{"line":51,"column":0},"end":{"line":51,"column":26}},"51":{"start":{"line":52,"column":0},"end":{"line":52,"column":34}},"52":{"start":{"line":53,"column":0},"end":{"line":53,"column":38}},"53":{"start":{"line":54,"column":0},"end":{"line":54,"column":39}},"54":{"start":{"line":55,"column":0},"end":{"line":55,"column":65}},"55":{"start":{"line":56,"column":0},"end":{"line":56,"column":73}},"56":{"start":{"line":57,"column":0},"end":{"line":57,"column":22}},"57":{"start":{"line":58,"column":0},"end":{"line":58,"column":31}},"58":{"start":{"line":59,"column":0},"end":{"line":59,"column":26}},"59":{"start":{"line":60,"column":0},"end":{"line":60,"column":19}},"60":{"start":{"line":61,"column":0},"end":{"line":61,"column":20}},"61":{"start":{"line":62,"column":0},"end":{"line":62,"column":18}},"62":{"start":{"line":63,"column":0},"end":{"line":63,"column":27}},"63":{"start":{"line":64,"column":0},"end":{"line":64,"column":11}},"64":{"start":{"line":65,"column":0},"end":{"line":65,"column":12}},"65":{"start":{"line":66,"column":0},"end":{"line":66,"column":10}},"66":{"start":{"line":67,"column":0},"end":{"line":67,"column":3}},"67":{"start":{"line":68,"column":0},"end":{"line":68,"column":1}}},"s":{"0":1,"1":1,"2":1,"3":1,"4":10,"5":10,"6":10,"7":4,"8":4,"9":4,"10":4,"11":4,"12":10,"13":10,"14":10,"15":10,"16":10,"17":10,"18":10,"19":10,"20":10,"21":10,"22":10,"23":10,"24":10,"25":10,"26":10,"27":10,"28":10,"29":10,"30":10,"31":10,"32":10,"33":10,"34":10,"35":10,"36":10,"37":10,"38":10,"39":10,"40":30,"41":30,"42":30,"43":30,"44":30,"45":30,"46":60,"47":60,"48":60,"49":60,"50":60,"51":60,"52":60,"53":60,"54":60,"55":60,"56":60,"57":60,"58":60,"59":30,"60":30,"61":30,"62":30,"63":10,"64":10,"65":10,"66":10,"67":10},"branchMap":{"0":{"type":"branch","line":4,"loc":{"start":{"line":4,"column":7},"end":{"line":68,"column":1}},"locations":[{"start":{"line":4,"column":7},"end":{"line":68,"column":1}}]},"1":{"type":"branch","line":5,"loc":{"start":{"line":5,"column":43},"end":{"line":5,"column":62}},"locations":[{"start":{"line":5,"column":43},"end":{"line":5,"column":62}}]},"2":{"type":"branch","line":7,"loc":{"start":{"line":7,"column":2},"end":{"line":12,"column":3}},"locations":[{"start":{"line":7,"column":2},"end":{"line":12,"column":3}}]},"3":{"type":"branch","line":11,"loc":{"start":{"line":11,"column":25},"end":{"line":11,"column":45}},"locations":[{"start":{"line":11,"column":25},"end":{"line":11,"column":45}}]},"4":{"type":"branch","line":40,"loc":{"start":{"line":40,"column":20},"end":{"line":63,"column":27}},"locations":[{"start":{"line":40,"column":20},"end":{"line":63,"column":27}}]},"5":{"type":"branch","line":42,"loc":{"start":{"line":42,"column":17},"end":{"line":42,"column":55}},"locations":[{"start":{"line":42,"column":17},"end":{"line":42,"column":55}}]},"6":{"type":"branch","line":46,"loc":{"start":{"line":46,"column":35},"end":{"line":59,"column":26}},"locations":[{"start":{"line":46,"column":35},"end":{"line":59,"column":26}}]},"7":{"type":"branch","line":49,"loc":{"start":{"line":49,"column":75},"end":{"line":49,"column":96}},"locations":[{"start":{"line":49,"column":75},"end":{"line":49,"column":96}}]},"8":{"type":"branch","line":49,"loc":{"start":{"line":49,"column":83},"end":{"line":49,"column":98}},"locations":[{"start":{"line":49,"column":83},"end":{"line":49,"column":98}}]},"9":{"type":"branch","line":56,"loc":{"start":{"line":56,"column":32},"end":{"line":56,"column":73}},"locations":[{"start":{"line":56,"column":32},"end":{"line":56,"column":73}}]}},"b":{"0":[10],"1":[6],"2":[4],"3":[2],"4":[30],"5":[20],"6":[60],"7":[30],"8":[30],"9":[4]},"fnMap":{"0":{"name":"SettingsScreen","decl":{"start":{"line":4,"column":7},"end":{"line":68,"column":1}},"loc":{"start":{"line":4,"column":7},"end":{"line":68,"column":1}},"line":4},"1":{"name":"handleChange","decl":{"start":{"line":7,"column":2},"end":{"line":12,"column":3}},"loc":{"start":{"line":7,"column":2},"end":{"line":12,"column":3}},"line":7},"2":{"name":"onChange","decl":{"start":{"line":56,"column":32},"end":{"line":56,"column":73}},"loc":{"start":{"line":56,"column":32},"end":{"line":56,"column":73}},"line":56}},"f":{"0":10,"1":4,"2":4}}
,"/home/uli/Projects/wordfall/landing/src/screens/StatsScreen.jsx": {"path":"/home/uli/Projects/wordfall/landing/src/screens/StatsScreen.jsx","all":false,"statementMap":{"0":{"start":{"line":1,"column":0},"end":{"line":1,"column":71}},"1":{"start":{"line":2,"column":0},"end":{"line":2,"column":52}},"2":{"start":{"line":3,"column":0},"end":{"line":3,"column":58}},"3":{"start":{"line":4,"column":0},"end":{"line":4,"column":99}},"4":{"start":{"line":5,"column":0},"end":{"line":5,"column":0}},"5":{"start":{"line":6,"column":0},"end":{"line":6,"column":53}},"6":{"start":{"line":7,"column":0},"end":{"line":7,"column":53}},"7":{"start":{"line":8,"column":0},"end":{"line":8,"column":68}},"8":{"start":{"line":9,"column":0},"end":{"line":9,"column":49}},"9":{"start":{"line":10,"column":0},"end":{"line":10,"column":0}},"10":{"start":{"line":11,"column":0},"end":{"line":11,"column":47}},"11":{"start":{"line":12,"column":0},"end":{"line":12,"column":0}},"12":{"start":{"line":13,"column":0},"end":{"line":13,"column":82}},"13":{"start":{"line":14,"column":0},"end":{"line":14,"column":42}},"14":{"start":{"line":15,"column":0},"end":{"line":15,"column":52}},"15":{"start":{"line":16,"column":0},"end":{"line":16,"column":46}},"16":{"start":{"line":17,"column":0},"end":{"line":17,"column":42}},"17":{"start":{"line":18,"column":0},"end":{"line":18,"column":45}},"18":{"start":{"line":19,"column":0},"end":{"line":19,"column":51}},"19":{"start":{"line":20,"column":0},"end":{"line":20,"column":31}},"20":{"start":{"line":21,"column":0},"end":{"line":21,"column":0}},"21":{"start":{"line":22,"column":0},"end":{"line":22,"column":35}},"22":{"start":{"line":23,"column":0},"end":{"line":23,"column":45}},"23":{"start":{"line":24,"column":0},"end":{"line":24,"column":20}},"24":{"start":{"line":25,"column":0},"end":{"line":25,"column":18}},"25":{"start":{"line":26,"column":0},"end":{"line":26,"column":9}},"26":{"start":{"line":27,"column":0},"end":{"line":27,"column":62}},"27":{"start":{"line":28,"column":0},"end":{"line":28,"column":32}},"28":{"start":{"line":29,"column":0},"end":{"line":29,"column":39}},"29":{"start":{"line":30,"column":0},"end":{"line":30,"column":8}},"30":{"start":{"line":31,"column":0},"end":{"line":31,"column":25}},"31":{"start":{"line":32,"column":0},"end":{"line":32,"column":43}},"32":{"start":{"line":33,"column":0},"end":{"line":33,"column":19}},"33":{"start":{"line":34,"column":0},"end":{"line":34,"column":49}},"34":{"start":{"line":35,"column":0},"end":{"line":35,"column":62}},"35":{"start":{"line":36,"column":0},"end":{"line":36,"column":15}},"36":{"start":{"line":37,"column":0},"end":{"line":37,"column":23}},"37":{"start":{"line":38,"column":0},"end":{"line":38,"column":5}},"38":{"start":{"line":39,"column":0},"end":{"line":39,"column":8}},"39":{"start":{"line":40,"column":0},"end":{"line":40,"column":0}},"40":{"start":{"line":41,"column":0},"end":{"line":41,"column":19}},"41":{"start":{"line":42,"column":0},"end":{"line":42,"column":15}},"42":{"start":{"line":43,"column":0},"end":{"line":43,"column":17}},"43":{"start":{"line":44,"column":0},"end":{"line":44,"column":0}},"44":{"start":{"line":45,"column":0},"end":{"line":45,"column":68}},"45":{"start":{"line":46,"column":0},"end":{"line":46,"column":39}},"46":{"start":{"line":47,"column":0},"end":{"line":47,"column":36}},"47":{"start":{"line":48,"column":0},"end":{"line":48,"column":38}},"48":{"start":{"line":49,"column":0},"end":{"line":49,"column":37}},"49":{"start":{"line":50,"column":0},"end":{"line":50,"column":30}},"50":{"start":{"line":51,"column":0},"end":{"line":51,"column":61}},"51":{"start":{"line":52,"column":0},"end":{"line":52,"column":46}},"52":{"start":{"line":53,"column":0},"end":{"line":53,"column":45}},"53":{"start":{"line":54,"column":0},"end":{"line":54,"column":69}},"54":{"start":{"line":55,"column":0},"end":{"line":55,"column":30}},"55":{"start":{"line":56,"column":0},"end":{"line":56,"column":55}},"56":{"start":{"line":57,"column":0},"end":{"line":57,"column":42}},"57":{"start":{"line":58,"column":0},"end":{"line":58,"column":34}},"58":{"start":{"line":59,"column":0},"end":{"line":59,"column":101}},"59":{"start":{"line":60,"column":0},"end":{"line":60,"column":39}},"60":{"start":{"line":61,"column":0},"end":{"line":61,"column":21}},"61":{"start":{"line":62,"column":0},"end":{"line":62,"column":72}},"62":{"start":{"line":63,"column":0},"end":{"line":63,"column":16}},"63":{"start":{"line":64,"column":0},"end":{"line":64,"column":6}},"64":{"start":{"line":65,"column":0},"end":{"line":65,"column":8}},"65":{"start":{"line":66,"column":0},"end":{"line":66,"column":0}},"66":{"start":{"line":67,"column":0},"end":{"line":67,"column":19}},"67":{"start":{"line":68,"column":0},"end":{"line":68,"column":53}},"68":{"start":{"line":69,"column":0},"end":{"line":69,"column":63}},"69":{"start":{"line":70,"column":0},"end":{"line":70,"column":5}},"70":{"start":{"line":71,"column":0},"end":{"line":71,"column":31}},"71":{"start":{"line":72,"column":0},"end":{"line":72,"column":0}},"72":{"start":{"line":73,"column":0},"end":{"line":73,"column":32}},"73":{"start":{"line":74,"column":0},"end":{"line":74,"column":22}},"74":{"start":{"line":75,"column":0},"end":{"line":75,"column":9}},"75":{"start":{"line":76,"column":0},"end":{"line":76,"column":75}},"76":{"start":{"line":77,"column":0},"end":{"line":77,"column":21}},"77":{"start":{"line":78,"column":0},"end":{"line":78,"column":46}},"78":{"start":{"line":79,"column":0},"end":{"line":79,"column":13}},"79":{"start":{"line":80,"column":0},"end":{"line":80,"column":76}},"80":{"start":{"line":81,"column":0},"end":{"line":81,"column":5}},"81":{"start":{"line":82,"column":0},"end":{"line":82,"column":3}},"82":{"start":{"line":83,"column":0},"end":{"line":83,"column":0}},"83":{"start":{"line":84,"column":0},"end":{"line":84,"column":32}},"84":{"start":{"line":85,"column":0},"end":{"line":85,"column":35}},"85":{"start":{"line":86,"column":0},"end":{"line":86,"column":21}},"86":{"start":{"line":87,"column":0},"end":{"line":87,"column":23}},"87":{"start":{"line":88,"column":0},"end":{"line":88,"column":3}},"88":{"start":{"line":89,"column":0},"end":{"line":89,"column":0}},"89":{"start":{"line":90,"column":0},"end":{"line":90,"column":27}},"90":{"start":{"line":91,"column":0},"end":{"line":91,"column":16}},"91":{"start":{"line":92,"column":0},"end":{"line":92,"column":12}},"92":{"start":{"line":93,"column":0},"end":{"line":93,"column":58}},"93":{"start":{"line":94,"column":0},"end":{"line":94,"column":46}},"94":{"start":{"line":95,"column":0},"end":{"line":95,"column":41}},"95":{"start":{"line":96,"column":0},"end":{"line":96,"column":90}},"96":{"start":{"line":97,"column":0},"end":{"line":97,"column":51}},"97":{"start":{"line":98,"column":0},"end":{"line":98,"column":96}},"98":{"start":{"line":99,"column":0},"end":{"line":99,"column":16}},"99":{"start":{"line":100,"column":0},"end":{"line":100,"column":10}},"100":{"start":{"line":101,"column":0},"end":{"line":101,"column":41}},"101":{"start":{"line":102,"column":0},"end":{"line":102,"column":60}},"102":{"start":{"line":103,"column":0},"end":{"line":103,"column":33}},"103":{"start":{"line":104,"column":0},"end":{"line":104,"column":48}},"104":{"start":{"line":105,"column":0},"end":{"line":105,"column":85}},"105":{"start":{"line":106,"column":0},"end":{"line":106,"column":58}},"106":{"start":{"line":107,"column":0},"end":{"line":107,"column":20}},"107":{"start":{"line":108,"column":0},"end":{"line":108,"column":15}},"108":{"start":{"line":109,"column":0},"end":{"line":109,"column":16}},"109":{"start":{"line":110,"column":0},"end":{"line":110,"column":10}},"110":{"start":{"line":111,"column":0},"end":{"line":111,"column":42}},"111":{"start":{"line":112,"column":0},"end":{"line":112,"column":10}},"112":{"start":{"line":113,"column":0},"end":{"line":113,"column":41}},"113":{"start":{"line":114,"column":0},"end":{"line":114,"column":60}},"114":{"start":{"line":115,"column":0},"end":{"line":115,"column":83}},"115":{"start":{"line":116,"column":0},"end":{"line":116,"column":16}},"116":{"start":{"line":117,"column":0},"end":{"line":117,"column":14}},"117":{"start":{"line":118,"column":0},"end":{"line":118,"column":12}},"118":{"start":{"line":119,"column":0},"end":{"line":119,"column":5}},"119":{"start":{"line":120,"column":0},"end":{"line":120,"column":3}},"120":{"start":{"line":121,"column":0},"end":{"line":121,"column":0}},"121":{"start":{"line":122,"column":0},"end":{"line":122,"column":16}},"122":{"start":{"line":123,"column":0},"end":{"line":123,"column":14}},"123":{"start":{"line":124,"column":0},"end":{"line":124,"column":12}},"124":{"start":{"line":125,"column":0},"end":{"line":125,"column":58}},"125":{"start":{"line":126,"column":0},"end":{"line":126,"column":46}},"126":{"start":{"line":127,"column":0},"end":{"line":127,"column":41}},"127":{"start":{"line":128,"column":0},"end":{"line":128,"column":90}},"128":{"start":{"line":129,"column":0},"end":{"line":129,"column":51}},"129":{"start":{"line":130,"column":0},"end":{"line":130,"column":16}},"130":{"start":{"line":131,"column":0},"end":{"line":131,"column":10}},"131":{"start":{"line":132,"column":0},"end":{"line":132,"column":39}},"132":{"start":{"line":133,"column":0},"end":{"line":133,"column":67}},"133":{"start":{"line":134,"column":0},"end":{"line":134,"column":65}},"134":{"start":{"line":135,"column":0},"end":{"line":135,"column":58}},"135":{"start":{"line":136,"column":0},"end":{"line":136,"column":20}},"136":{"start":{"line":137,"column":0},"end":{"line":137,"column":27}},"137":{"start":{"line":138,"column":0},"end":{"line":138,"column":39}},"138":{"start":{"line":139,"column":0},"end":{"line":139,"column":33}},"139":{"start":{"line":140,"column":0},"end":{"line":140,"column":34}},"140":{"start":{"line":141,"column":0},"end":{"line":141,"column":13}},"141":{"start":{"line":142,"column":0},"end":{"line":142,"column":50}},"142":{"start":{"line":143,"column":0},"end":{"line":143,"column":21}},"143":{"start":{"line":144,"column":0},"end":{"line":144,"column":16}},"144":{"start"
[...]
column":60}},"190":{"start":{"line":191,"column":0},"end":{"line":191,"column":49}},"191":{"start":{"line":192,"column":0},"end":{"line":192,"column":34}},"192":{"start":{"line":193,"column":0},"end":{"line":193,"column":5}},"193":{"start":{"line":194,"column":0},"end":{"line":194,"column":3}},"194":{"start":{"line":195,"column":0},"end":{"line":195,"column":1}}},"s":{"0":1,"1":1,"2":1,"3":1,"4":1,"5":1,"6":1,"7":1,"8":1,"9":1,"10":1,"11":1,"12":1,"13":29,"14":29,"15":29,"16":29,"17":29,"18":1,"19":1,"20":1,"21":1,"22":1,"23":1,"24":4,"25":4,"26":4,"27":4,"28":1,"29":1,"30":0,"31":1,"32":1,"33":1,"34":3,"35":3,"36":3,"37":3,"38":4,"39":1,"40":1,"41":1,"42":4,"43":0,"44":0,"45":2,"46":2,"47":2,"48":4,"49":1,"50":1,"51":1,"52":1,"53":1,"54":18,"55":18,"56":18,"57":11,"58":11,"59":18,"60":2,"61":2,"62":2,"63":9,"64":18,"65":0,"66":0,"67":0,"68":18,"69":1,"70":1,"71":1,"72":1,"73":1,"74":8,"75":8,"76":8,"77":1,"78":1,"79":1,"80":1,"81":1,"82":12,"83":1,"84":1,"85":1,"86":11,"87":11,"88":12,"89":1,"90":1,"91":1,"92":10,"93":10,"94":10,"95":10,"96":10,"97":10,"98":10,"99":9,"100":12,"101":2,"102":2,"103":2,"104":12,"105":2,"106":2,"107":5,"108":5,"109":5,"110":5,"111":12,"112":1,"113":1,"114":1,"115":12,"116":1,"117":1,"118":1,"119":1,"120":1,"121":4,"122":4,"123":4,"124":4,"125":4,"126":1,"127":1,"128":4,"129":0,"130":0,"131":4,"132":1,"133":1,"134":1,"135":1,"136":1,"137":5,"138":5,"139":5,"140":1,"141":1,"142":1,"143":4,"144":5,"145":5,"146":5,"147":1,"148":1,"149":3,"150":3,"151":3,"152":3,"153":3,"154":3,"155":3,"156":3,"157":3,"158":3,"159":3,"160":3,"161":3,"162":3,"163":3,"164":1,"165":1,"166":1,"167":3,"168":5,"169":1,"170":1,"171":1,"172":1,"173":1,"174":16,"175":16,"176":16,"177":15,"178":15,"179":14,"180":14,"181":15,"182":1,"183":1,"184":1,"185":1,"186":15,"187":16,"188":16,"189":0,"190":0,"191":0,"192":0,"193":16,"194":1},"branchMap":{"0":{"type":"branch","line":13,"loc":{"start":{"line":13,"column":2},"end":{"line":18,"column":3}},"locations":[{"start":{"line":13,"column":2},"end":{"line":18,"column":3}}]},"1":{"type":"branch","line":24,"loc":{"start":{"line":24,"column":2},"end":{"line":49,"column":3}},"locations":[{"start":{"line":24,"column":2},"end":{"line":49,"column":3}}]},"2":{"type":"branch","line":28,"loc":{"start":{"line":28,"column":24},"end":{"line":34,"column":5}},"locations":[{"start":{"line":28,"column":24},"end":{"line":34,"column":5}}]},"3":{"type":"branch","line":34,"loc":{"start":{"line":34,"column":4},"end":{"line":39,"column":27}},"locations":[{"start":{"line":34,"column":4},"end":{"line":39,"column":27}}]},"4":{"type":"branch","line":39,"loc":{"start":{"line":39,"column":27},"end":{"line":42,"column":7}},"locations":[{"start":{"line":39,"column":27},"end":{"line":42,"column":7}}]},"5":{"type":"branch","line":43,"loc":{"start":{"line":43,"column":6},"end":{"line":45,"column":5}},"locations":[{"start":{"line":43,"column":6},"end":{"line":45,"column":5}}]},"6":{"type":"branch","line":45,"loc":{"start":{"line":45,"column":4},"end":{"line":49,"column":2}},"locations":[{"start":{"line":45,"column":4},"end":{"line":49,"column":2}}]},"7":{"type":"branch","line":54,"loc":{"start":{"line":54,"column":2},"end":{"line":69,"column":3}},"locations":[{"start":{"line":54,"column":2},"end":{"line":69,"column":3}}]},"8":{"type":"branch","line":57,"loc":{"start":{"line":57,"column":16},"end":{"line":57,"column":28}},"locations":[{"start":{"line":57,"column":16},"end":{"line":57,"column":28}}]},"9":{"type":"branch","line":57,"loc":{"start":{"line":57,"column":27},"end":{"line":60,"column":35}},"locations":[{"start":{"line":57,"column":27},"end":{"line":60,"column":35}}]},"10":{"type":"branch","line":60,"loc":{"start":{"line":60,"column":35},"end":{"line":60,"column":48}},"locations":[{"start":{"line":60,"column":35},"end":{"line":60,"column":48}}]},"11":{"type":"branch","line":60,"loc":{"start":{"line":60,"column":50},"end":{"line":63,"column":7}},"locations":[{"start":{"line":60,"column":50},"end":{"line":63,"column":7}}]},"12":{"type":"branch","line":63,"loc":{"start":{"line":63,"column":6},"end":{"line":65,"column":6}},"locations":[{"start":{"line":63,"column":6},"end":{"line":65,"column":6}}]},"13":{"type":"branch","line":65,"loc":{"start":{"line":65,"column":6},"end":{"line":68,"column":5}},"locations":[{"start":{"line":65,"column":6},"end":{"line":68,"column":5}}]},"14":{"type":"branch","line":74,"loc":{"start":{"line":74,"column":2},"end":{"line":77,"column":3}},"locations":[{"start":{"line":74,"column":2},"end":{"line":77,"column":3}}]},"15":{"type":"branch","line":82,"loc":{"start":{"line":82,"column":2},"end":{"line":116,"column":3}},"locations":[{"start":{"line":82,"column":2},"end":{"line":116,"column":3}}]},"16":{"type":"branch","line":83,"loc":{"start":{"line":83,"column":24},"end":{"line":86,"column":5}},"locations":[{"start":{"line":83,"column":24},"end":{"line":86,"column":5}}]},"17":{"type":"branch","line":86,"loc":{"start":{"line":86,"column":4},"end":{"line":89,"column":17}},"locations":[{"start":{"line":86,"column":4},"end":{"line":89,"column":17}}]},"18":{"type":"branch","line":89,"loc":{"start":{"line":89,"column":17},"end":{"line":92,"column":5}},"locations":[{"start":{"line":89,"column":17},"end":{"line":92,"column":5}}]},"19":{"type":"branch","line":92,"loc":{"start":{"line":92,"column":4},"end":{"line":99,"column":23}},"locations":[{"start":{"line":92,"column":4},"end":{"line":99,"column":23}}]},"20":{"type":"branch","line":99,"loc":{"start":{"line":99,"column":22},"end":{"line":101,"column":17}},"locations":[{"start":{"line":99,"column":22},"end":{"line":101,"column":17}}]},"21":{"type":"branch","line":101,"loc":{"start":{"line":101,"column":17},"end":{"line":104,"column":7}},"locations":[{"start":{"line":101,"column":17},"end":{"line":104,"column":7}}]},"22":{"type":"branch","line":104,"loc":{"start":{"line":104,"column":6},"end":{"line":105,"column":17}},"locations":[{"start":{"line":104,"column":6},"end":{"line":105,"column":17}}]},"23":{"type":"branch","line":105,"loc":{"start":{"line":105,"column":17},"end":{"line":107,"column":7}},"locations":[{"start":{"line":105,"column":17},"end":{"line":107,"column":7}}]},"24":{"type":"branch","line":107,"loc":{"start":{"line":107,"column":6},"end":{"line":112,"column":6}},"locations":[{"start":{"line":107,"column":6},"end":{"line":112,"column":6}}]},"25":{"type":"branch","line":112,"loc":{"start":{"line":112,"column":6},"end":{"line":115,"column":5}},"locations":[{"start":{"line":112,"column":6},"end":{"line":115,"column":5}}]},"26":{"type":"branch","line":121,"loc":{"start":{"line":121,"column":2},"end":{"line":132,"column":3}},"locations":[{"start":{"line":121,"column":2},"end":{"line":132,"column":3}}]},"27":{"type":"branch","line":126,"loc":{"start":{"line":126,"column":26},"end":{"line":126,"column":63}},"locations":[{"start":{"line":126,"column":26},"end":{"line":126,"column":63}}]},"28":{"type":"branch","line":126,"loc":{"start":{"line":126,"column":65},"end":{"line":128,"column":7}},"locations":[{"start":{"line":126,"column":65},"end":{"line":128,"column":7}}]},"29":{"type":"branch","line":129,"loc":{"start":{"line":129,"column":6},"end":{"line":131,"column":5}},"locations":[{"start":{"line":129,"column":6},"end":{"line":131,"column":5}}]},"30":{"type":"branch","line":137,"loc":{"start":{"line":137,"column":2},"end":{"line":169,"column":3}},"locations":[{"start":{"line":137,"column":2},"end":{"line":169,"column":3}}]},"31":{"type":"branch","line":140,"loc":{"start":{"line":140,"column":29},"end":{"line":143,"column":5}},"locations":[{"start":{"line":140,"column":29},"end":{"line":143,"column":5}}]},"32":{"type":"branch","line":143,"loc":{"start":{"line":143,"column":4},"end":{"line":145,"column":49}},"locations":[{"start":{"line":143,"column":4},"end":{"line":145,"column":49}}]},"33":{"type":"branch","line":145,"loc":{"start":{"line":145,"column":49},"end":{"line":145,"column":53}},"locations":[{"start":{"line":145,"column":49},"end":{"line":145,"column":53}}]},"34":{"type":"branch","line":147,"loc":{"start":{"line":147,"column":35},"end":{"line":149,"column":5}},"locations":[{"start":{"line":147,"column":35},"end":{"line":149,"column":5}}]},"35":{"type":"branch","line":149,"loc":{"start":{"line":149,"column":4},"end":{"line":168,"column":5}},"locations":[{"start":{"line":149,"column":4},"end":{"line":168,"column":5}}]},"36":{"type":"branch","line":163,"loc":{"start":{"line":163,"column":12},"end":{"line":164,"column":8}},"locations":[{"start":{"line":163,"column":12},"end":{"line":164,"column":8}}]},"37":{"type":"branch","line":164,"loc":{"start":{"line":164,"column":8},"end":{"line":167,"column":7}},"locations":[{"start":{"line":164,"column":8},"end":{"line":167,"column":7}}]},"38":{"type":"branch","line":174,"loc":{"start":{"line":174,"column":2},"end":{"line":194,"column":3}},"locations":[{"start":{"line":174,"column":2},"end":{"line":194,"column":3}}]},"39":{"type":"branch","line":177,"loc":{"start":{"line":177,"column":21},"end":{"line":187,"column":7}},"locations":[{"start":{"line":177,"column":21},"end":{"line":187,"column":7}}]},"40":{"type":"branch","line":179,"loc":{"start":{"line":179,"column":42},"end":{"line":179,"column":62}},"locations":[{"start":{"line":179,"column":42},"end":{"line":179,"column":62}}]},"41":{"type":"branch","line":179,"loc":{"start":{"line":179,"column":64},"end":{"line":182,"column":9}},"locations":[{"start":{"line":179,"column":64},"end":{"line":182,"column":9}}]},"42":{"type":"branch","line":182,"loc":{"start":{"line":182,"column":9},"end":{"line":186,"column":9}},"locations":[{"start":{"line":182,"column":9},"end":{"line":186,"column":9}}]},"43":{"type":"branch","line":189,"loc":{"start":{"line":189,"column":6},"end":{"line":193,"column":5}},"locations":[{"start":{"line":189,"column":6},"end":{"line":193,"column":5}}]}},"b":{"0":[29],"1":[4],"2":[1],"3":[3],"4":[1],"5":[0],"6":[2],"7":[18],"8":[7],"9":[11],"10":[10],"11":[2],"12":[9],"13":[0],"14":[8],"15":[12],"16":[1],"17":[11],"18":[1],"19":[10],"20":[9],"21":[2],"22":[7],"23":[2],"24":[5],"25":[1],"26":[4],"27":[3],"28":[1],"29":[0],"30":[5],"31":[1],"32":[4],"33":[1],"34":[1],"35":[3],"36":[2],"37":[1],"38":[16],"39":[15],"40":[14],"41":[14],"42":[1],"43":[0]},"fnMap":{"0":{"name":"StorageManager","decl":{"start":{"line":13,"column":2},"end":{"line":18,"column":3}},"loc":{"start":{"line":13,"column":2},"end":{"line":18,"column":3}},"line":13},"1":{"name":"getHighScore","decl":{"start":{"line":24,"column":2},"end":{"line":49,"column":3}},"loc":{"start":{"line":24,"column":2},"end":{"line":49,"column":3}},"line":24},"2":{"name":"getLocalHighScore","decl":{"start":{"line":54,"column":2},"end":{"line":69,"column":3}},"loc":{"start":{"line":54,"column":2},"end":{"line":69,"column":3}},"line":54},"3":{"name":"setLocalHighScore","decl":{"start":{"line":74,"column":2},"end":{"line":77,"column":3}},"loc":{"start":{"line":74,"column":2},"end":{"line":77,"column":3}},"line":74},"4":{"name":"fetchFromSupabase","decl":{"start":{"line":82,"column":2},"end":{"line":116,"column":3}},"loc":{"start":{"line":82,"column":2},"end":{"line":116,"column":3}},"line":82},"5":{"name":"syncFromSupabase","decl":{"start":{"line":121,"column":2},"end":{"line":132,"column":3}},"loc":{"start":{"line":121,"column":2},"end":{"line":132,"column":3}},"line":121},"6":{"name":"saveHighScore","decl":{"start":{"line":137,"column":2},"end":{"line":169,"column":3}},"loc":{"start":{"line":137,"column":2},"end":{"line":169,"column":3}},"line":137},"7":{"name":"getUserId","decl":{"start":{"line":174,"column":2},"end":{"line":194,"column":3}},"loc":{"start":{"line":174,"column":2},"end":{"line":194,"column":3}},"line":174}},"f":{"0":29,"1":4,"2":18,"3":8,"4":12,"5":4,"6":5,"7":16}}
,"/home/uli/Projects/wordfall/landing/src/services/theme.js": {"path":"/home/uli/Projects/wordfall/landing/src/services/theme.js","all":false,"statementMap":{"0":{"start":{"line":1,"column":0},"end":{"line":1,"column":3}},"1":{"start":{"line":2,"column":0},"end":{"line":2,"column":52}},"2":{"start":{"line":3,"column":0},"end":{"line":3,"column":2}},"3":{"start":{"line":4,"column":0},"end":{"line":4,"column":12}},"4":{"start":{"line":5,"column":0},"end":{"line":5,"column":68}},"5":{"start":{"line":6,"column":0},"end":{"line":6,"column":46}},"6":{"start":{"line":7,"column":0},"end":{"line":7,"column":48}},"7":{"start":{"line":8,"column":0},"end":{"line":8,"column":3}},"8":{"start":{"line":9,"column":0},"end":{"line":9,"column":0}},"9":{"start":{"line":10,"column":0},"end":{"line":10,"column":36}},"10":{"start":{"line":11,"column":0},"end":{"line":11,"column":28}},"11":{"start":{"line":12,"column":0},"end":{"line":12,"column":26}},"12":{"start":{"line":13,"column":0},"end":{"line":13,"column":0}},"13":{"start":{"line":14,"column":0},"end":{"line":14,"column":3}},"14":{"start":{"line":15,"column":0},"end":{"line":15,"column":37}},"15":{"start":{"line":16,"column":0},"end":{"line":16,"column":3}},"16":{"start":{"line":17,"column":0},"end":{"line":17,"column":37}},"17":{"start":{"line":18,"column":0},"end":{"line":18,"column":7}},"18":{"start":{"line":19,"column":0},"end":{"line":19,"column":90}},"19":{"start":{"line":20,"column":0},"end":{"line":20,"column":25}},"20":{"start":{"line":21,"column":0},"end":{"line":21,"column":5}},"21":{"start":{"line":22,"column":0},"end":{"line":22,"column":19}},"22":{"start":{"line":23,"column":0},"end":{"line":23,"column":58}},"23":{"start":{"line":24,"column":0},"end":{"line":24,"column":3}},"24":{"start":{"line":25,"column":0},"end":{"line":25,"column":20}},"25":{"start":{"line":26,"column":0},"end":{"line":26,"column":1}},"26":{"start":{"line":27,"column":0},"end":{"line":27,"column":0}},"27":{"start":{"line":28,"column":0},"end":{"line":28,"column":3}},"28":{"start":{"line":29,"column":0},"end":{"line":29,"column":70}},"29":{"start":{"line":30,"column":0},"end":{"line":30,"column":3}},"30":{"start":{"line":31,"column":0},"end":{"line":31,"column":28}},"31":{"start":{"line":32,"column":0},"end":{"line":32,"column":7}},"32":{"start":{"line":33,"column":0},"end":{"line":33,"column":29}},"33":{"start":{"line":34,"column":0},"end":{"line":34,"column":55}},"34":{"start":{"line":35,"column":0},"end":{"line":35,"column":0}},"35":{"start":{"line":36,"column":0},"end":{"line":36,"column":27}},"36":{"start":{"line":37,"column":0},"end":{"line":37,"column":66}},"37":{"start":{"line":38,"column":0},"end":{"line":38,"column":24}},"38":{"start":{"line":39,"column":0},"end":{"line":39,"column":5}},"39":{"start":{"line":40,"column":0},"end":{"line":40,"column":0}},"40":{"start":{"line":41,"column":0},"end":{"line":41,"column":49}},"41":{"start":{"line":42,"column":0},"end":{"line":42,"column":44}},"42":{"start":{"line":43,"column":0},"end":{"line":43,"column":49}},"43":{"start":{"line":44,"column":0},"end":{"line":44,"column":23}},"44":{"start":{"line":45,"column":0},"end":{"line":45,"column":19}},"45":{"start":{"line":46,"column":0},"end":{"line":46,"column":52}},"46":{"start":{"line":47,"column":0},"end":{"line":47,"column":75}},"47":{"start":{"line":48,"column":0},"end":{"line":48,"column":31}},"48":{"start":{"line":49,"column":0},"end":{"line":49,"column":3}},"49":{"start":{"line":50,"column":0},"end":{"line":50,"column":1}},"50":{"start":{"line":51,"column":0},"end":{"line":51,"column":0}},"51":{"start":{"line":52,"column":0},"end":{"line":52,"column":3}},"52":{"start":{"line":53,"column":0},"end":{"line":53,"column":60}},"53":{"start":{"line":54,"column":0},"end":{"line":54,"column":3}},"54":{"start":{"line":55,"column":0},"end":{"line":55,"column":33}},"55":{"start":{"line":56,"column":0},"end":{"line":56,"column":54}},"56":{"start":{"line":57,"column":0},"end":{"line":57,"column":64}},"57":{"start":{"line":58,"column":0},"end":{"line":58,"column":23}},"58":{"start":{"line":59,"column":0},"end":{"line":59,"column":3}},"59":{"start":{"line":60,"column":0},"end":{"line":60,"column":0}},"60":{"start":{"line":61,"column":0},"end":{"line":61,"column":7}},"61":{"start":{"line":62,"column":0},"end":{"line":62,"column":43}},"62":{"start":{"line":63,"column":0},"end":{"line":63,"column":19}},"63":{"start":{"line":64,"column":0},"end":{"line":64,"column":65}},"64":{"start":{"line":65,"column":0},"end":{"line":65,"column":3}},"65":{"start":{"line":66,"column":0},"end":{"line":66,"column":1}}},"s":{"0":1,"1":1,"2":1,"3":1,"4":1,"5":1,"6":1,"7":1,"8":1,"9":1,"10":1,"11":1,"12":1,"13":1,"14":1,"15":1,"16":1,"17":14,"18":14,"19":2,"20":2,"21":14,"22":1,"23":1,"24":12,"25":12,"26":1,"27":1,"28":1,"29":1,"30":1,"31":13,"32":13,"33":13,"34":13,"35":13,"36":13,"37":3,"38":3,"39":10,"40":10,"41":10,"42":10,"43":10,"44":13,"45":0,"46":0,"47":0,"48":0,"49":13,"50":1,"51":1,"52":1,"53":1,"54":1,"55":9,"56":1,"57":1,"58":1,"59":9,"60":9,"61":9,"62":9,"63":0,"64":0,"65":9},"branchMap":{"0":{"type":"branch","line":17,"loc":{"start":{"line":17,"column":7},"end":{"line":26,"column":1}},"locations":[{"start":{"line":17,"column":7},"end":{"line":26,"column":1}}]},"1":{"type":"branch","line":19,"loc":{"start":{"line":19,"column":26},"end":{"line":19,"column":87}},"locations":[{"start":{"line":19,"column":26},"end":{"line":19,"column":87}}]},"2":{"type":"branch","line":19,"loc":{"start":{"line":19,"column":89},"end":{"line":21,"column":5}},"locations":[{"start":{"line":19,"column":89},"end":{"line":21,"column":5}}]},"3":{"type":"branch","line":22,"loc":{"start":{"line":22,"column":4},"end":{"line":24,"column":3}},"locations":[{"start":{"line":22,"column":4},"end":{"line":24,"column":3}}]},"4":{"type":"branch","line":24,"loc":{"start":{"line":24,"column":2},"end":{"line":26,"column":1}},"locations":[{"start":{"line":24,"column":2},"end":{"line":26,"column":1}}]},"5":{"type":"branch","line":31,"loc":{"start":{"line":31,"column":7},"end":{"line":50,"column":1}},"locations":[{"start":{"line":31,"column":7},"end":{"line":50,"column":1}}]},"6":{"type":"branch","line":37,"loc":{"start":{"line":37,"column":35},"end":{"line":37,"column":63}},"locations":[{"start":{"line":37,"column":35},"end":{"line":37,"column":63}}]},"7":{"type":"branch","line":37,"loc":{"start":{"line":37,"column":65},"end":{"line":39,"column":5}},"locations":[{"start":{"line":37,"column":65},"end":{"line":39,"column":5}}]},"8":{"type":"branch","line":39,"loc":{"start":{"line":39,"column":4},"end":{"line":45,"column":4}},"locations":[{"start":{"line":39,"column":4},"end":{"line":45,"column":4}}]},"9":{"type":"branch","line":45,"loc":{"start":{"line":45,"column":4},"end":{"line":49,"column":3}},"locations":[{"start":{"line":45,"column":4},"end":{"line":49,"column":3}}]},"10":{"type":"branch","line":55,"loc":{"start":{"line":55,"column":7},"end":{"line":66,"column":1}},"locations":[{"start":{"line":55,"column":7},"end":{"line":66,"column":1}}]},"11":{"type":"branch","line":56,"loc":{"start":{"line":56,"column":28},"end":{"line":56,"column":51}},"locations":[{"start":{"line":56,"column":28},"end":{"line":56,"column":51}}]},"12":{"type":"branch","line":56,"loc":{"start":{"line":56,"column":53},"end":{"line":59,"column":3}},"locations":[{"start":{"line":56,"column":53},"end":{"line":59,"column":3}}]},"13":{"type":"branch","line":63,"loc":{"start":{"line":63,"column":4},"end":{"line":65,"column":3}},"locations":[{"start":{"line":63,"column":4},"end":{"line":65,"column":3}}]}},"b":{"0":[14],"1":[6],"2":[2],"3":[1],"4":[12],"5":[13],"6":[12],"7":[3],"8":[10],"9":[0],"10":[9],"11":[5],"12":[1],"13":[0]},"fnMap":{"0":{"name":"detectSystemTheme","decl":{"start":{"line":17,"column":7},"end":{"line":26,"column":1}},"loc":{"start":{"line":17,"column":7},"end":{"line":26,"column":1}},"line":17},"1":{"name":"getTheme","decl":{"start":{"line":31,"column":7},"end":{"line":50,"column":1}},"loc":{"start":{"line":31,"column":7},"end":{"line":50,"column":1}},"line":31},"2":{"name":"setTheme","decl":{"start":{"line":55,"column":7},"end":{"line":66,"column":1}},"loc":{"start":{"line":55,"column":7},"end":{"line":66,"column":1}},"line":55}},"f":{"0":14,"1":13,"2":9}}
}
